{"logTime": "1117/095804", "correlationVector":"OVWqLA/sCxuDwTEQ0AAyda.96","action":"GetUpdates", "result":"DeleteReceived", "context":{"id":"eb79c4f9-3571-4ca2-9e98-2cf8602260a2", "isDeleted:":"true", "version":"1725442555177"}}
{"logTime": "1117/095804", "correlationVector":"OVWqLA/sCxuDwTEQ0AAyda.97","action":"GetUpdates", "result":"DeleteReceived", "context":{"id":"ea9b55cb-7443-4f4c-b2f7-bb9fb7407402", "isDeleted:":"true", "version":"1725452990064"}}
{"logTime": "1117/095804", "correlationVector":"OVWqLA/sCxuDwTEQ0AAyda.98","action":"GetUpdates", "result":"DeleteReceived", "context":{"id":"2b18cd19-2e84-49eb-aa7e-1afeeafdf9a1", "isDeleted:":"true", "version":"1725453561571"}}
{"logTime": "1117/095804", "correlationVector":"OVWqLA/sCxuDwTEQ0AAyda.99","action":"GetUpdates", "result":"DeleteReceived", "context":{"id":"22387928-32ef-4391-8d40-cb24608eac50", "isDeleted:":"true", "version":"1725547689156"}}
{"logTime": "1117/095804", "correlationVector":"OVWqLA/sCxuDwTEQ0AAyda.100","action":"GetUpdates", "result":"DeleteReceived", "context":{"id":"35f99038-9357-48b8-830e-b51da5a41867", "isDeleted:":"true", "version":"1725548208494"}}
{"logTime": "1117/095804", "correlationVector":"OVWqLA/sCxuDwTEQ0AAyda.101","action":"GetUpdates", "result":"DeleteReceived", "context":{"id":"f581dc71-35c2-43bb-9e3f-13bb1c8bacc3", "isDeleted:":"true", "version":"1725549257826"}}
{"logTime": "1117/095804", "correlationVector":"OVWqLA/sCxuDwTEQ0AAyda.102","action":"GetUpdates", "result":"DeleteReceived", "context":{"id":"f3035ecf-0894-4853-8eff-afc46a1b8f8d", "isDeleted:":"true", "version":"1725608427802"}}
{"logTime": "1117/095804", "correlationVector":"OVWqLA/sCxuDwTEQ0AAyda.103","action":"GetUpdates", "result":"DeleteReceived", "context":{"id":"5989f7df-3bd8-4eed-ba66-642d2442d4a4", "isDeleted:":"true", "version":"1725608427803"}}
{"logTime": "1117/095804", "correlationVector":"OVWqLA/sCxuDwTEQ0AAyda.104","action":"GetUpdates", "result":"DeleteReceived", "context":{"id":"52396d45-63a3-4842-a58b-f5c9147e5632", "isDeleted:":"true", "version":"1725608427804"}}
{"logTime": "1117/095804", "correlationVector":"OVWqLA/sCxuDwTEQ0AAyda.105","action":"GetUpdates", "result":"DeleteReceived", "context":{"id":"e23b9810-381a-4292-bbd1-36909cdb6f8e", "isDeleted:":"true", "version":"1725620169728"}}
{"logTime": "1117/095804", "correlationVector":"OVWqLA/sCxuDwTEQ0AAyda.106","action":"GetUpdates", "result":"DeleteReceived", "context":{"id":"246ab060-83e7-4031-af35-bc26712fbd3e", "isDeleted:":"true", "version":"1725620169729"}}
{"logTime": "1117/095804", "correlationVector":"OVWqLA/sCxuDwTEQ0AAyda.107","action":"GetUpdates", "result":"DeleteReceived", "context":{"id":"c8fc230f-798c-4911-9358-287671a1afb1", "isDeleted:":"true", "version":"1725620169730"}}
{"logTime": "1117/095804", "correlationVector":"OVWqLA/sCxuDwTEQ0AAyda.108","action":"GetUpdates", "result":"DeleteReceived", "context":{"id":"6530bcee-9f67-479d-b637-2ca17e8593ed", "isDeleted:":"true", "version":"1725620169731"}}
{"logTime": "1117/095804", "correlationVector":"OVWqLA/sCxuDwTEQ0AAyda.109","action":"GetUpdates", "result":"DeleteReceived", "context":{"id":"aceeae51-df85-42c7-8147-a34fc7cbe66c", "isDeleted:":"true", "version":"1725620169732"}}
{"logTime": "1117/095804", "correlationVector":"OVWqLA/sCxuDwTEQ0AAyda.110","action":"GetUpdates", "result":"DeleteReceived", "context":{"id":"3ab9d32b-0d35-4684-9e05-ac3e0e52b6bb", "isDeleted:":"true", "version":"1725620169733"}}
{"logTime": "1117/095804", "correlationVector":"OVWqLA/sCxuDwTEQ0AAyda.111","action":"GetUpdates", "result":"DeleteReceived", "context":{"id":"bf95cc3f-0de1-47bb-817a-700819a1fea8", "isDeleted:":"true", "version":"1725634867563"}}
{"logTime": "1117/095804", "correlationVector":"OVWqLA/sCxuDwTEQ0AAyda.112","action":"GetUpdates", "result":"DeleteReceived", "context":{"id":"fac58aa9-9b1e-4563-82b4-cbdf0c66f35e", "isDeleted:":"true", "version":"1725787017698"}}
{"logTime": "1117/095804", "correlationVector":"OVWqLA/sCxuDwTEQ0AAyda.113","action":"GetUpdates", "result":"DeleteReceived", "context":{"id":"6796c74b-fd11-4c54-9ddc-7b01591fb1b3", "isDeleted:":"true", "version":"1725787017699"}}
{"logTime": "1117/095804", "correlationVector":"OVWqLA/sCxuDwTEQ0AAyda.114","action":"GetUpdates", "result":"DeleteReceived", "context":{"id":"61fe8a78-f56c-4e52-a04a-ef40567315db", "isDeleted:":"true", "version":"1725787017700"}}
{"logTime": "1117/095804", "correlationVector":"OVWqLA/sCxuDwTEQ0AAyda.115","action":"GetUpdates", "result":"DeleteReceived", "context":{"id":"754129a5-dc91-4c87-869f-ab7556ab5f92", "isDeleted:":"true", "version":"1725797242106"}}
{"logTime": "1117/095804", "correlationVector":"OVWqLA/sCxuDwTEQ0AAyda.116","action":"GetUpdates", "result":"DeleteReceived", "context":{"id":"1f95c875-b43f-411e-a63d-5cddc47e6858", "isDeleted:":"true", "version":"1725797242107"}}
{"logTime": "1117/095804", "correlationVector":"OVWqLA/sCxuDwTEQ0AAyda.117","action":"GetUpdates", "result":"DeleteReceived", "context":{"id":"0152c4d8-61f2-40be-beda-f75c8183c027", "isDeleted:":"true", "version":"1725873259266"}}
{"logTime": "1117/095804", "correlationVector":"OVWqLA/sCxuDwTEQ0AAyda.118","action":"GetUpdates", "result":"DeleteReceived", "context":{"id":"55111add-5b27-4674-a8ac-66e34c2b4de6", "isDeleted:":"true", "version":"1725873259267"}}
{"logTime": "1117/095804", "correlationVector":"OVWqLA/sCxuDwTEQ0AAyda.119","action":"GetUpdates", "result":"DeleteReceived", "context":{"id":"42c2fce2-e635-48fa-8183-63a342ebe424", "isDeleted:":"true", "version":"1725874069159"}}
{"logTime": "1117/095804", "correlationVector":"OVWqLA/sCxuDwTEQ0AAyda.120","action":"GetUpdates", "result":"DeleteReceived", "context":{"id":"d96db227-7a36-470e-a96e-efdc8a5f4a02", "isDeleted:":"true", "version":"1725914159438"}}
{"logTime": "1117/095804", "correlationVector":"OVWqLA/sCxuDwTEQ0AAyda.121","action":"GetUpdates", "result":"DeleteReceived", "context":{"id":"a8954df4-e100-4758-ac50-bb24723d891f", "isDeleted:":"true", "version":"1725955522102"}}
{"logTime": "1117/095804", "correlationVector":"OVWqLA/sCxuDwTEQ0AAyda.122","action":"GetUpdates", "result":"DeleteReceived", "context":{"id":"37efec6a-546f-4736-833e-f7e227589519", "isDeleted:":"true", "version":"1725955522103"}}
{"logTime": "1117/095804", "correlationVector":"OVWqLA/sCxuDwTEQ0AAyda.123","action":"GetUpdates", "result":"DeleteReceived", "context":{"id":"3f5a7e72-1117-4dae-b264-e0aeb203bcb6", "isDeleted:":"true", "version":"1725955522104"}}
{"logTime": "1117/095804", "correlationVector":"OVWqLA/sCxuDwTEQ0AAyda.124","action":"GetUpdates", "result":"DeleteReceived", "context":{"id":"71ff222a-93d5-412f-b572-354f08883a4f", "isDeleted:":"true", "version":"1725955522105"}}
{"logTime": "1117/095804", "correlationVector":"OVWqLA/sCxuDwTEQ0AAyda.125","action":"GetUpdates", "result":"DeleteReceived", "context":{"id":"5f8fee11-ecbd-4028-a9dd-528d317da4f6", "isDeleted:":"true", "version":"1725957370007"}}
{"logTime": "1117/095804", "correlationVector":"OVWqLA/sCxuDwTEQ0AAyda.126","action":"GetUpdates", "result":"DeleteReceived", "context":{"id":"aa6a93f8-90b2-43f9-a350-7ac47c928fab", "isDeleted:":"true", "version":"1725957370008"}}
{"logTime": "1117/095804", "correlationVector":"OVWqLA/sCxuDwTEQ0AAyda.127","action":"GetUpdates", "result":"DeleteReceived", "context":{"id":"0ee0403b-b6a6-4336-bf31-10cff354f075", "isDeleted:":"true", "version":"1726220178311"}}
{"logTime": "1117/095804", "correlationVector":"OVWqLA/sCxuDwTEQ0AAyda.128","action":"GetUpdates", "result":"DeleteReceived", "context":{"id":"e4ac4875-3716-47b8-bae5-fa8e548de160", "isDeleted:":"true", "version":"1726220178313"}}
{"logTime": "1117/095804", "correlationVector":"OVWqLA/sCxuDwTEQ0AAyda.129","action":"GetUpdates", "result":"DeleteReceived", "context":{"id":"78a17516-4c47-41a0-be27-73419356495f", "isDeleted:":"true", "version":"1726220178315"}}
{"logTime": "1117/095804", "correlationVector":"OVWqLA/sCxuDwTEQ0AAyda.130","action":"GetUpdates", "result":"DeleteReceived", "context":{"id":"19be09f6-01b9-4d35-8eac-8afbe440cf6f", "isDeleted:":"true", "version":"1726238969694"}}
{"logTime": "1117/095804", "correlationVector":"OVWqLA/sCxuDwTEQ0AAyda.131","action":"GetUpdates", "result":"DeleteReceived", "context":{"id":"f9e969ac-bf44-4bc9-be68-eb1e2e4e78aa", "isDeleted:":"true", "version":"1726238969695"}}
{"logTime": "1117/095804", "correlationVector":"OVWqLA/sCxuDwTEQ0AAyda.132","action":"GetUpdates", "result":"DeleteReceived", "context":{"id":"8d2bd691-418f-426f-901c-5c690247aa40", "isDeleted:":"true", "version":"1726238969696"}}
{"logTime": "1117/095804", "correlationVector":"OVWqLA/sCxuDwTEQ0AAyda.133","action":"GetUpdates", "result":"DeleteReceived", "context":{"id":"5d551263-fa4b-4f8c-9e88-b4b5dda48f74", "isDeleted:":"true", "version":"1726238969697"}}
{"logTime": "1117/095804", "correlationVector":"OVWqLA/sCxuDwTEQ0AAyda.134","action":"GetUpdates", "result":"DeleteReceived", "context":{"id":"97bb5916-b18c-4ece-b9e0-007f7ee098d3", "isDeleted:":"true", "version":"1726238969698"}}
{"logTime": "1117/095804", "correlationVector":"OVWqLA/sCxuDwTEQ0AAyda.135","action":"GetUpdates", "result":"DeleteReceived", "context":{"id":"df79dddb-fe0a-4132-aebc-42bfcea87540", "isDeleted:":"true", "version":"1726238969699"}}
{"logTime": "1117/095804", "correlationVector":"OVWqLA/sCxuDwTEQ0AAyda.136","action":"GetUpdates", "result":"DeleteReceived", "context":{"id":"8f3948b9-c570-4c90-b16b-d1bc5bcceb82", "isDeleted:":"true", "version":"1726264111086"}}
{"logTime": "1117/095804", "correlationVector":"OVWqLA/sCxuDwTEQ0AAyda.137","action":"GetUpdates", "result":"DeleteReceived", "context":{"id":"c8ce4081-abfc-413d-b802-bc55903b69b5", "isDeleted:":"true", "version":"1726264111087"}}
{"logTime": "1117/095804", "correlationVector":"OVWqLA/sCxuDwTEQ0AAyda.138","action":"GetUpdates", "result":"DeleteReceived", "context":{"id":"f39adb2d-530f-45ca-973e-0cf8ba4fa60c", "isDeleted:":"true", "version":"1726264111088"}}
{"logTime": "1117/095804", "correlationVector":"OVWqLA/sCxuDwTEQ0AAyda.139","action":"GetUpdates", "result":"DeleteReceived", "context":{"id":"eca9e16b-ae55-4334-bb72-549b38cb6da9", "isDeleted:":"true", "version":"1726415063216"}}
{"logTime": "1117/095804", "correlationVector":"OVWqLA/sCxuDwTEQ0AAyda.140","action":"GetUpdates", "result":"DeleteReceived", "context":{"id":"1d40203d-dbba-4861-a957-ea7ec49c7485", "isDeleted:":"true", "version":"1726415063217"}}
{"logTime": "1117/095804", "correlationVector":"OVWqLA/sCxuDwTEQ0AAyda.141","action":"GetUpdates", "result":"DeleteReceived", "context":{"id":"7a0b77a4-adfc-4d17-b955-e0ba6b9acbfc", "isDeleted:":"true", "version":"1726425693257"}}
{"logTime": "1117/095804", "correlationVector":"OVWqLA/sCxuDwTEQ0AAyda.142","action":"GetUpdates", "result":"DeleteReceived", "context":{"id":"6bc4c28f-1d22-46fd-a3da-5919285973be", "isDeleted:":"true", "version":"1726425693258"}}
{"logTime": "1117/095804", "correlationVector":"OVWqLA/sCxuDwTEQ0AAyda.143","action":"GetUpdates", "result":"DeleteReceived", "context":{"id":"9ae26bb7-894d-4379-b4bf-a01636d2bbbc", "isDeleted:":"true", "version":"1726482397485"}}
{"logTime": "1117/095804", "correlationVector":"OVWqLA/sCxuDwTEQ0AAyda.144","action":"GetUpdates", "result":"DeleteReceived", "context":{"id":"4598200a-3ceb-49ac-ba09-5f3088a3eb6b", "isDeleted:":"true", "version":"1726482397486"}}
{"logTime": "1117/095804", "correlationVector":"OVWqLA/sCxuDwTEQ0AAyda.145","action":"GetUpdates", "result":"DeleteReceived", "context":{"id":"138be19d-d0dd-4f33-bfd4-0224ea9a3212", "isDeleted:":"true", "version":"1726482397488"}}
{"logTime": "1117/095804", "correlationVector":"OVWqLA/sCxuDwTEQ0AAyda.146","action":"GetUpdates", "result":"DeleteReceived", "context":{"id":"73eda697-8ea6-4a12-a91b-c3f66a3accc4", "isDeleted:":"true", "version":"1726482397489"}}
{"logTime": "1117/095804", "correlationVector":"OVWqLA/sCxuDwTEQ0AAyda.147","action":"GetUpdates", "result":"DeleteReceived", "context":{"id":"7d48429d-3ddc-428e-9603-742e4294b6b9", "isDeleted:":"true", "version":"1726568781557"}}
{"logTime": "1117/095804", "correlationVector":"OVWqLA/sCxuDwTEQ0AAyda.148","action":"GetUpdates", "result":"DeleteReceived", "context":{"id":"2ccd7365-1688-41aa-8f98-a920a394b139", "isDeleted:":"true", "version":"1726568781559"}}
{"logTime": "1117/095804", "correlationVector":"OVWqLA/sCxuDwTEQ0AAyda.149","action":"GetUpdates", "result":"DeleteReceived", "context":{"id":"8832dc8b-c340-4bbd-b6ba-8f21562c757f", "isDeleted:":"true", "version":"1726579459023"}}
{"logTime": "1117/095804", "correlationVector":"OVWqLA/sCxuDwTEQ0AAyda.150","action":"GetUpdates", "result":"DeleteReceived", "context":{"id":"35a677b1-0d65-422e-a324-9f54185687b7", "isDeleted:":"true", "version":"1726652790368"}}
{"logTime": "1117/095804", "correlationVector":"OVWqLA/sCxuDwTEQ0AAyda.151","action":"GetUpdates", "result":"DeleteReceived", "context":{"id":"293467f2-018c-4417-b9b6-1f54ba58dbee", "isDeleted:":"true", "version":"1726957430167"}}
{"logTime": "1117/095804", "correlationVector":"OVWqLA/sCxuDwTEQ0AAyda.152","action":"GetUpdates", "result":"DeleteReceived", "context":{"id":"4df3e59f-208e-48e3-b2f0-a97c25122b44", "isDeleted:":"true", "version":"1726957430169"}}
{"logTime": "1117/095804", "correlationVector":"OVWqLA/sCxuDwTEQ0AAyda.153","action":"GetUpdates Response", "result":"Success", "context":Received 250 update(s). cV=OVWqLA/sCxuDwTEQ0AAyda.0;server=GENERAL0200001M;cloudType=Consumer;environment=Prod_WestEurope_x00e;migrationStage=NotStarted Some updates remain.}
{"logTime": "1117/095804", "correlationVector":"xlkBcpZE/94e5t1Cz5Cg0D","action":"Initial GetUpdates", "result":"", "context":Reason: NEWLY_SUPPORTED_DATATYPE. cV=xlkBcpZE/94e5t1Cz5Cg0D}
{"logTime": "1117/095804", "correlationVector":"xlkBcpZE/94e5t1Cz5Cg0D.1","action":"SyncServerConnectionManagerRequest", "result":"SYNC_SERVER_OK", "context":{"environment":"Prod_WestEurope_000l", "migrationStage":"NotStarted", "server":"GENERAL01000003"}}
{"logTime": "1117/095804", "correlationVector":"xlkBcpZE/94e5t1Cz5Cg0D.2","action":"GetUpdates", "result":"DeleteReceived", "context":{"id":"32e1549d-758e-4cdb-811c-9f32913205bb", "isDeleted:":"true", "version":"1727084468835"}}
{"logTime": "1117/095804", "correlationVector":"xlkBcpZE/94e5t1Cz5Cg0D.3","action":"GetUpdates", "result":"DeleteReceived", "context":{"id":"a580a61a-760a-420d-ace3-a0e0c97edb0e", "isDeleted:":"true", "version":"1727084468837"}}
{"logTime": "1117/095804", "correlationVector":"xlkBcpZE/94e5t1Cz5Cg0D.4","action":"GetUpdates", "result":"DeleteReceived", "context":{"id":"3ec360f1-e485-4cb0-b786-4b9807854578", "isDeleted:":"true", "version":"1727090692824"}}
{"logTime": "1117/095804", "correlationVector":"xlkBcpZE/94e5t1Cz5Cg0D.5","action":"GetUpdates", "result":"DeleteReceived", "context":{"id":"5c681878-bddd-4838-b458-dfd55f29d936", "isDeleted:":"true", "version":"1727098344769"}}
{"logTime": "1117/095804", "correlationVector":"xlkBcpZE/94e5t1Cz5Cg0D.6","action":"GetUpdates", "result":"DeleteReceived", "context":{"id":"47994d91-9b8f-4d17-be5c-8c42b97b2d19", "isDeleted:":"true", "version":"1727164074266"}}
{"logTime": "1117/095804", "correlationVector":"xlkBcpZE/94e5t1Cz5Cg0D.7","action":"GetUpdates", "result":"DeleteReceived", "context":{"id":"dc8c7adb-905f-4337-b9a4-de60bb49661c", "isDeleted:":"true", "version":"1727182742821"}}
{"logTime": "1117/095804", "correlationVector":"xlkBcpZE/94e5t1Cz5Cg0D.8","action":"GetUpdates", "result":"DeleteReceived", "context":{"id":"c060fdf3-7bd6-458f-b724-2fa800628f3d", "isDeleted:":"true", "version":"1727191605410"}}
{"logTime": "1117/095804", "correlationVector":"xlkBcpZE/94e5t1Cz5Cg0D.9","action":"GetUpdates", "result":"DeleteReceived", "context":{"id":"234576bc-63d2-4a93-91d4-e349fb25e85b", "isDeleted:":"true", "version":"1727199602449"}}
{"logTime": "1117/095804", "correlationVector":"xlkBcpZE/94e5t1Cz5Cg0D.10","action":"GetUpdates", "result":"DeleteReceived", "context":{"id":"77665e36-e7b5-4f31-9234-545c56a71c37", "isDeleted:":"true", "version":"1727199602450"}}
{"logTime": "1117/095804", "correlationVector":"xlkBcpZE/94e5t1Cz5Cg0D.11","action":"GetUpdates", "result":"DeleteReceived", "context":{"id":"c891ad5a-5c6f-4b1a-a70e-b5dc4fa12d82", "isDeleted:":"true", "version":"1727337830015"}}
{"logTime": "1117/095804", "correlationVector":"xlkBcpZE/94e5t1Cz5Cg0D.12","action":"GetUpdates", "result":"DeleteReceived", "context":{"id":"82026eae-a4ea-4b2a-b544-0a7dcabfb077", "isDeleted:":"true", "version":"1727337830017"}}
{"logTime": "1117/095804", "correlationVector":"xlkBcpZE/94e5t1Cz5Cg0D.13","action":"GetUpdates", "result":"DeleteReceived", "context":{"id":"1894dae4-3180-4f07-bcba-9c8217e8630a", "isDeleted:":"true", "version":"1727357092287"}}
{"logTime": "1117/095804", "correlationVector":"xlkBcpZE/94e5t1Cz5Cg0D.14","action":"GetUpdates", "result":"DeleteReceived", "context":{"id":"481dcc81-84aa-4a4b-911a-552841780788", "isDeleted:":"true", "version":"1727377073950"}}
{"logTime": "1117/095804", "correlationVector":"xlkBcpZE/94e5t1Cz5Cg0D.15","action":"GetUpdates", "result":"DeleteReceived", "context":{"id":"8e3f9bfa-41f3-4a87-b840-8691ee77a9b6", "isDeleted:":"true", "version":"1727377073951"}}
{"logTime": "1117/095804", "correlationVector":"xlkBcpZE/94e5t1Cz5Cg0D.16","action":"GetUpdates", "result":"DeleteReceived", "context":{"id":"ba352d51-7747-439b-860f-0ddd15617e71", "isDeleted:":"true", "version":"1727394229039"}}
{"logTime": "1117/095804", "correlationVector":"xlkBcpZE/94e5t1Cz5Cg0D.17","action":"GetUpdates", "result":"DeleteReceived", "context":{"id":"6b55cf15-472f-4917-a130-41e572cb2070", "isDeleted:":"true", "version":"1727394229040"}}
{"logTime": "1117/095804", "correlationVector":"xlkBcpZE/94e5t1Cz5Cg0D.18","action":"GetUpdates", "result":"DeleteReceived", "context":{"id":"045cee9f-5618-41a8-ae40-eaf28915ea1d", "isDeleted:":"true", "version":"1727398624258"}}
{"logTime": "1117/095804", "correlationVector":"xlkBcpZE/94e5t1Cz5Cg0D.19","action":"GetUpdates", "result":"DeleteReceived", "context":{"id":"2cfdf79a-7da2-45c5-ba3e-181bf908ca7b", "isDeleted:":"true", "version":"1727427170392"}}
{"logTime": "1117/095804", "correlationVector":"xlkBcpZE/94e5t1Cz5Cg0D.20","action":"GetUpdates", "result":"DeleteReceived", "context":{"id":"6fbb2432-63ab-468d-a8a3-dc291b941f4c", "isDeleted:":"true", "version":"1727442800305"}}
{"logTime": "1117/095804", "correlationVector":"xlkBcpZE/94e5t1Cz5Cg0D.21","action":"GetUpdates", "result":"DeleteReceived", "context":{"id":"a9295f86-6883-46be-bc76-bdd78a0f7f3b", "isDeleted:":"true", "version":"1727446789760"}}
{"logTime": "1117/095804", "correlationVector":"xlkBcpZE/94e5t1Cz5Cg0D.22","action":"GetUpdates", "result":"DeleteReceived", "context":{"id":"a234001a-eb19-49c8-815f-538555e40c18", "isDeleted:":"true", "version":"1727564859366"}}
{"logTime": "1117/095804", "correlationVector":"xlkBcpZE/94e5t1Cz5Cg0D.23","action":"GetUpdates", "result":"DeleteReceived", "context":{"id":"dea6b247-9a84-423b-90ac-e16ba33c0d90", "isDeleted:":"true", "version":"1727564859367"}}
{"logTime": "1117/095804", "correlationVector":"xlkBcpZE/94e5t1Cz5Cg0D.24","action":"GetUpdates", "result":"DeleteReceived", "context":{"id":"e9ea3f83-a433-4061-801f-d4cd9c0c4e58", "isDeleted:":"true", "version":"1727613577029"}}
{"logTime": "1117/095804", "correlationVector":"xlkBcpZE/94e5t1Cz5Cg0D.25","action":"GetUpdates", "result":"DeleteReceived", "context":{"id":"4c838618-9560-486d-8d84-07c50e9e512c", "isDeleted:":"true", "version":"1727613577031"}}
{"logTime": "1117/095804", "correlationVector":"xlkBcpZE/94e5t1Cz5Cg0D.26","action":"GetUpdates", "result":"DeleteReceived", "context":{"id":"ef437f99-b31f-4c3e-b649-710dca9cf361", "isDeleted:":"true", "version":"1727633609545"}}
{"logTime": "1117/095804", "correlationVector":"xlkBcpZE/94e5t1Cz5Cg0D.27","action":"GetUpdates", "result":"DeleteReceived", "context":{"id":"d9b4d934-3a5d-4085-ae87-2ec212377c14", "isDeleted:":"true", "version":"1727686756480"}}
{"logTime": "1117/095804", "correlationVector":"xlkBcpZE/94e5t1Cz5Cg0D.28","action":"GetUpdates", "result":"DeleteReceived", "context":{"id":"0037120e-cfcd-48f5-8ee7-f0d8872bda62", "isDeleted:":"true", "version":"1727705246327"}}
{"logTime": "1117/095804", "correlationVector":"xlkBcpZE/94e5t1Cz5Cg0D.29","action":"GetUpdates", "result":"DeleteReceived", "context":{"id":"6c960071-3d08-4224-8f4f-4fd836765536", "isDeleted:":"true", "version":"1727732769407"}}
{"logTime": "1117/095804", "correlationVector":"xlkBcpZE/94e5t1Cz5Cg0D.30","action":"GetUpdates", "result":"DeleteReceived", "context":{"id":"67470c71-b86d-4c87-9c1f-8f4d86e25623", "isDeleted:":"true", "version":"1727732769408"}}
{"logTime": "1117/095804", "correlationVector":"xlkBcpZE/94e5t1Cz5Cg0D.31","action":"GetUpdates", "result":"DeleteReceived", "context":{"id":"7d1d4585-f551-4745-9640-191edd2688b5", "isDeleted:":"true", "version":"1727732769410"}}
{"logTime": "1117/095804", "correlationVector":"xlkBcpZE/94e5t1Cz5Cg0D.32","action":"GetUpdates", "result":"DeleteReceived", "context":{"id":"9444a916-212b-452e-958c-dfde1702a7c7", "isDeleted:":"true", "version":"1727732769411"}}
{"logTime": "1117/095804", "correlationVector":"xlkBcpZE/94e5t1Cz5Cg0D.33","action":"GetUpdates", "result":"DeleteReceived", "context":{"id":"dbce6624-8901-4855-8791-219b5cb90548", "isDeleted:":"true", "version":"1727772599748"}}
{"logTime": "1117/095804", "correlationVector":"xlkBcpZE/94e5t1Cz5Cg0D.34","action":"GetUpdates", "result":"DeleteReceived", "context":{"id":"4064d5d0-2ce5-4bf9-9e4d-e6b9fa432199", "isDeleted:":"true", "version":"1727780720931"}}
{"logTime": "1117/095804", "correlationVector":"xlkBcpZE/94e5t1Cz5Cg0D.35","action":"GetUpdates", "result":"DeleteReceived", "context":{"id":"de8d250e-1412-4809-b0c2-9ecae2e79b07", "isDeleted:":"true", "version":"1727780722666"}}
{"logTime": "1117/095804", "correlationVector":"xlkBcpZE/94e5t1Cz5Cg0D.36","action":"GetUpdates", "result":"DeleteReceived", "context":{"id":"77f5ce13-6d15-4b23-8427-d642ba192fae", "isDeleted:":"true", "version":"1727797528451"}}
{"logTime": "1117/095804", "correlationVector":"xlkBcpZE/94e5t1Cz5Cg0D.37","action":"GetUpdates", "result":"DeleteReceived", "context":{"id":"4436bd44-a300-4cab-861d-76df9c0b88a5", "isDeleted:":"true", "version":"1727860082125"}}
{"logTime": "1117/095804", "correlationVector":"xlkBcpZE/94e5t1Cz5Cg0D.38","action":"GetUpdates", "result":"DeleteReceived", "context":{"id":"51b440e5-53e6-4ef9-b2fa-71024b9840db", "isDeleted:":"true", "version":"1727860082128"}}
{"logTime": "1117/095804", "correlationVector":"xlkBcpZE/94e5t1Cz5Cg0D.39","action":"GetUpdates", "result":"DeleteReceived", "context":{"id":"9a3ec61a-3986-4436-9e01-af429bc27e4c", "isDeleted:":"true", "version":"1728023520413"}}
{"logTime": "1117/095804", "correlationVector":"xlkBcpZE/94e5t1Cz5Cg0D.40","action":"GetUpdates", "result":"DeleteReceived", "context":{"id":"a2c13852-b446-4512-b0dc-2356f0053dde", "isDeleted:":"true", "version":"1728039732031"}}
{"logTime": "1117/095804", "correlationVector":"xlkBcpZE/94e5t1Cz5Cg0D.41","action":"GetUpdates", "result":"DeleteReceived", "context":{"id":"630ac38d-3cdb-452a-9f26-0ca6a3a83fed", "isDeleted:":"true", "version":"1728039732034"}}
{"logTime": "1117/095804", "correlationVector":"xlkBcpZE/94e5t1Cz5Cg0D.42","action":"GetUpdates", "result":"DeleteReceived", "context":{"id":"9eb90bb8-b069-48fd-95f6-aac5205b1713", "isDeleted:":"true", "version":"1728051636442"}}
{"logTime": "1117/095804", "correlationVector":"xlkBcpZE/94e5t1Cz5Cg0D.43","action":"GetUpdates", "result":"DeleteReceived", "context":{"id":"2581763a-f13f-4557-8978-e112c171d5c4", "isDeleted:":"true", "version":"1728163512208"}}
{"logTime": "1117/095804", "correlationVector":"xlkBcpZE/94e5t1Cz5Cg0D.44","action":"GetUpdates", "result":"DeleteReceived", "context":{"id":"28150c4c-b9fb-4c8d-9f78-9d9c65f58efd", "isDeleted:":"true", "version":"1728163512211"}}
{"logTime": "1117/095804", "correlationVector":"xlkBcpZE/94e5t1Cz5Cg0D.45","action":"GetUpdates", "result":"DeleteReceived", "context":{"id":"5fc33da9-d979-4238-bc3c-dfbfa6b52db9", "isDeleted:":"true", "version":"1728163512212"}}
{"logTime": "1117/095804", "correlationVector":"xlkBcpZE/94e5t1Cz5Cg0D.46","action":"GetUpdates", "result":"DeleteReceived", "context":{"id":"8b75be09-0743-4a9b-86b6-f6ff34e7df49", "isDeleted:":"true", "version":"1728232291563"}}
{"logTime": "1117/095804", "correlationVector":"xlkBcpZE/94e5t1Cz5Cg0D.47","action":"GetUpdates", "result":"DeleteReceived", "context":{"id":"d2618406-c975-4b5b-a646-78751e35b271", "isDeleted:":"true", "version":"1728316566809"}}
{"logTime": "1117/095804", "correlationVector":"xlkBcpZE/94e5t1Cz5Cg0D.48","action":"GetUpdates", "result":"DeleteReceived", "context":{"id":"e8ba2a33-9a6f-4b41-89df-7f1dde3801ab", "isDeleted:":"true", "version":"1728316566810"}}
{"logTime": "1117/095804", "correlationVector":"xlkBcpZE/94e5t1Cz5Cg0D.49","action":"GetUpdates", "result":"DeleteReceived", "context":{"id":"b930b733-06cf-4570-a955-b0e9ccdb32a7", "isDeleted:":"true", "version":"1728334149879"}}
{"logTime": "1117/095804", "correlationVector":"xlkBcpZE/94e5t1Cz5Cg0D.50","action":"GetUpdates", "result":"DeleteReceived", "context":{"id":"fd6241be-14a4-43ca-838a-219841949f1f", "isDeleted:":"true", "version":"1728384804476"}}
{"logTime": "1117/095804", "correlationVector":"xlkBcpZE/94e5t1Cz5Cg0D.51","action":"GetUpdates", "result":"DeleteReceived", "context":{"id":"fc78c364-51ce-4c01-ab9f-cecd886a738d", "isDeleted:":"true", "version":"1728390157116"}}
{"logTime": "1117/095804", "correlationVector":"xlkBcpZE/94e5t1Cz5Cg0D.52","action":"GetUpdates", "result":"DeleteReceived", "context":{"id":"6665ee86-88e7-43a8-812c-ed2802597a31", "isDeleted:":"true", "version":"1728473672751"}}
{"logTime": "1117/095804", "correlationVector":"xlkBcpZE/94e5t1Cz5Cg0D.53","action":"GetUpdates", "result":"DeleteReceived", "context":{"id":"a13e3c84-4f44-4f3d-a36e-7edd55be2c82", "isDeleted:":"true", "version":"1728473672752"}}
{"logTime": "1117/095804", "correlationVector":"xlkBcpZE/94e5t1Cz5Cg0D.54","action":"GetUpdates", "result":"DeleteReceived", "context":{"id":"d9db3f01-5434-447c-8e11-26cf9de4fd07", "isDeleted:":"true", "version":"1728984420885"}}
{"logTime": "1117/095804", "correlationVector":"xlkBcpZE/94e5t1Cz5Cg0D.55","action":"GetUpdates", "result":"DeleteReceived", "context":{"id":"523e3264-a88e-4f79-b535-6cff1899e1b5", "isDeleted:":"true", "version":"1728987102373"}}
{"logTime": "1117/095804", "correlationVector":"xlkBcpZE/94e5t1Cz5Cg0D.56","action":"GetUpdates", "result":"DeleteReceived", "context":{"id":"2b42b07b-2f00-4e91-adec-15b2c008a947", "isDeleted:":"true", "version":"1728987102374"}}
{"logTime": "1117/095804", "correlationVector":"xlkBcpZE/94e5t1Cz5Cg0D.57","action":"GetUpdates", "result":"DeleteReceived", "context":{"id":"e9239013-df24-4bb2-b3bd-172f5b86251d", "isDeleted:":"true", "version":"1728988372514"}}
{"logTime": "1117/095804", "correlationVector":"xlkBcpZE/94e5t1Cz5Cg0D.58","action":"GetUpdates", "result":"DeleteReceived", "context":{"id":"60f20948-4881-4c75-b926-8635a732bf2b", "isDeleted:":"true", "version":"1728988372516"}}
{"logTime": "1117/095804", "correlationVector":"xlkBcpZE/94e5t1Cz5Cg0D.59","action":"GetUpdates", "result":"DeleteReceived", "context":{"id":"f9814ded-37d6-4eef-b89c-87d90e36e37c", "isDeleted:":"true", "version":"1728988372517"}}
{"logTime": "1117/095804", "correlationVector":"xlkBcpZE/94e5t1Cz5Cg0D.60","action":"GetUpdates", "result":"DeleteReceived", "context":{"id":"1af9b277-035a-4ed8-8190-14ac3837b629", "isDeleted:":"true", "version":"1728988803242"}}
{"logTime": "1117/095804", "correlationVector":"xlkBcpZE/94e5t1Cz5Cg0D.61","action":"GetUpdates", "result":"DeleteReceived", "context":{"id":"e88add46-43f1-4404-bccb-f5a0a1909b8f", "isDeleted:":"true", "version":"1729069825959"}}
{"logTime": "1117/095804", "correlationVector":"xlkBcpZE/94e5t1Cz5Cg0D.62","action":"GetUpdates", "result":"DeleteReceived", "context":{"id":"263b1df7-f36e-42b6-ae8a-993ffee1ad11", "isDeleted:":"true", "version":"1729069825960"}}
{"logTime": "1117/095804", "correlationVector":"xlkBcpZE/94e5t1Cz5Cg0D.63","action":"GetUpdates", "result":"DeleteReceived", "context":{"id":"5b0dc8c9-af4f-4576-a2cd-da58918bf063", "isDeleted:":"true", "version":"1729079160690"}}
{"logTime": "1117/095804", "correlationVector":"xlkBcpZE/94e5t1Cz5Cg0D.64","action":"GetUpdates", "result":"DeleteReceived", "context":{"id":"8388e633-144a-4383-9bbe-97c9a405c698", "isDeleted:":"true", "version":"1729079410641"}}
{"logTime": "1117/095804", "correlationVector":"xlkBcpZE/94e5t1Cz5Cg0D.65","action":"GetUpdates", "result":"DeleteReceived", "context":{"id":"39fa0ab1-82ad-4546-a920-9a0448dcf0df", "isDeleted:":"true", "version":"1729080355057"}}
{"logTime": "1117/095804", "correlationVector":"xlkBcpZE/94e5t1Cz5Cg0D.66","action":"GetUpdates", "result":"DeleteReceived", "context":{"id":"f787e082-a544-4514-9c5e-396497a206cb", "isDeleted:":"true", "version":"1729080355721"}}
{"logTime": "1117/095804", "correlationVector":"xlkBcpZE/94e5t1Cz5Cg0D.67","action":"GetUpdates", "result":"DeleteReceived", "context":{"id":"f8fb5f2d-8ef5-40bc-a404-3691294f9dac", "isDeleted:":"true", "version":"1729080370911"}}
{"logTime": "1117/095804", "correlationVector":"xlkBcpZE/94e5t1Cz5Cg0D.68","action":"GetUpdates", "result":"DeleteReceived", "context":{"id":"6d4d25c3-2f6c-469c-b3f5-b5fd0bb552b4", "isDeleted:":"true", "version":"1729080380059"}}
{"logTime": "1117/095804", "correlationVector":"xlkBcpZE/94e5t1Cz5Cg0D.69","action":"GetUpdates", "result":"DeleteReceived", "context":{"id":"334cf449-1710-4e9f-a109-cc9c1335d940", "isDeleted:":"true", "version":"1729177106732"}}
{"logTime": "1117/095804", "correlationVector":"xlkBcpZE/94e5t1Cz5Cg0D.70","action":"GetUpdates", "result":"DeleteReceived", "context":{"id":"24434592-aef7-440b-aadb-f44bfa3018cc", "isDeleted:":"true", "version":"1729241552151"}}
{"logTime": "1117/095804", "correlationVector":"xlkBcpZE/94e5t1Cz5Cg0D.71","action":"GetUpdates", "result":"DeleteReceived", "context":{"id":"875a6eea-c7ca-4292-87bb-01bf20f8310c", "isDeleted:":"true", "version":"1729260784622"}}
{"logTime": "1117/095804", "correlationVector":"xlkBcpZE/94e5t1Cz5Cg0D.72","action":"GetUpdates", "result":"DeleteReceived", "context":{"id":"746e7751-a327-4e77-9fb4-b213b59dbe07", "isDeleted:":"true", "version":"1729260784623"}}
{"logTime": "1117/095804", "correlationVector":"xlkBcpZE/94e5t1Cz5Cg0D.73","action":"GetUpdates", "result":"DeleteReceived", "context":{"id":"8c08d824-07ad-4ec7-8142-4df5a2849bfc", "isDeleted:":"true", "version":"1729413274433"}}
{"logTime": "1117/095804", "correlationVector":"xlkBcpZE/94e5t1Cz5Cg0D.74","action":"GetUpdates", "result":"DeleteReceived", "context":{"id":"e10bd6ad-7814-443b-aa7a-6a54216e80f6", "isDeleted:":"true", "version":"1729425566657"}}
{"logTime": "1117/095804", "correlationVector":"xlkBcpZE/94e5t1Cz5Cg0D.75","action":"GetUpdates", "result":"DeleteReceived", "context":{"id":"25df8e2e-4b34-4987-95cb-9b770958898b", "isDeleted:":"true", "version":"1729425566659"}}
{"logTime": "1117/095804", "correlationVector":"xlkBcpZE/94e5t1Cz5Cg0D.76","action":"GetUpdates", "result":"DeleteReceived", "context":{"id":"b3a2bf21-2fea-4765-996d-da3f70dabf26", "isDeleted:":"true", "version":"1729438135890"}}
{"logTime": "1117/095804", "correlationVector":"xlkBcpZE/94e5t1Cz5Cg0D.77","action":"GetUpdates", "result":"DeleteReceived", "context":{"id":"839dfd1c-94cc-4648-aa6f-1ab30b93c01a", "isDeleted:":"true", "version":"1729505914185"}}
{"logTime": "1117/095804", "correlationVector":"xlkBcpZE/94e5t1Cz5Cg0D.78","action":"GetUpdates", "result":"DeleteReceived", "context":{"id":"52fefafe-9828-4fa2-8274-3fb161451794", "isDeleted:":"true", "version":"1729532866854"}}
{"logTime": "1117/095804", "correlationVector":"xlkBcpZE/94e5t1Cz5Cg0D.79","action":"GetUpdates", "result":"DeleteReceived", "context":{"id":"26f4230c-dd87-487e-a579-5ffdb1deefea", "isDeleted:":"true", "version":"1729532866855"}}
{"logTime": "1117/095804", "correlationVector":"xlkBcpZE/94e5t1Cz5Cg0D.80","action":"GetUpdates", "result":"DeleteReceived", "context":{"id":"a021483b-e0e4-451a-aadb-5778124fa8ba", "isDeleted:":"true", "version":"1729547604590"}}
{"logTime": "1117/095804", "correlationVector":"xlkBcpZE/94e5t1Cz5Cg0D.81","action":"GetUpdates", "result":"DeleteReceived", "context":{"id":"0da31799-9aa5-4d2a-8a3d-f79f0c295bdb", "isDeleted:":"true", "version":"1729547604591"}}
{"logTime": "1117/095804", "correlationVector":"xlkBcpZE/94e5t1Cz5Cg0D.82","action":"GetUpdates", "result":"DeleteReceived", "context":{"id":"356dd955-fc4f-4426-8d26-945fe29472d5", "isDeleted:":"true", "version":"1729679783961"}}
{"logTime": "1117/095804", "correlationVector":"xlkBcpZE/94e5t1Cz5Cg0D.83","action":"GetUpdates", "result":"DeleteReceived", "context":{"id":"50750b87-44ce-4ba4-b197-7b25fac80ec0", "isDeleted:":"true", "version":"1729679783962"}}
{"logTime": "1117/095804", "correlationVector":"xlkBcpZE/94e5t1Cz5Cg0D.84","action":"GetUpdates", "result":"DeleteReceived", "context":{"id":"859f7f93-8d6f-40ec-8578-7993a4668fbd", "isDeleted:":"true", "version":"1729699115641"}}
{"logTime": "1117/095804", "correlationVector":"xlkBcpZE/94e5t1Cz5Cg0D.85","action":"GetUpdates", "result":"DeleteReceived", "context":{"id":"f96709b4-a840-4674-aae6-5a625b8bc01d", "isDeleted:":"true", "version":"1729722355830"}}
{"logTime": "1117/095804", "correlationVector":"xlkBcpZE/94e5t1Cz5Cg0D.86","action":"GetUpdates", "result":"DeleteReceived", "context":{"id":"d7901930-46e6-42ca-9ce9-d91ef780e2e4", "isDeleted:":"true", "version":"1729722355831"}}
{"logTime": "1117/095804", "correlationVector":"xlkBcpZE/94e5t1Cz5Cg0D.87","action":"GetUpdates", "result":"DeleteReceived", "context":{"id":"dade33f0-3565-4f85-aec2-bcd8c03c3252", "isDeleted:":"true", "version":"1729769151621"}}
{"logTime": "1117/095804", "correlationVector":"xlkBcpZE/94e5t1Cz5Cg0D.88","action":"GetUpdates", "result":"DeleteReceived", "context":{"id":"780b2012-4222-47c0-8531-67b51956939f", "isDeleted:":"true", "version":"1729769151622"}}
{"logTime": "1117/095804", "correlationVector":"xlkBcpZE/94e5t1Cz5Cg0D.89","action":"GetUpdates", "result":"DeleteReceived", "context":{"id":"a4c835b3-d398-4886-a588-d92b60afde46", "isDeleted:":"true", "version":"1729806018735"}}
{"logTime": "1117/095804", "correlationVector":"xlkBcpZE/94e5t1Cz5Cg0D.90","action":"GetUpdates", "result":"DeleteReceived", "context":{"id":"d70c46a5-95b1-4eea-a74b-9da36a6de572", "isDeleted:":"true", "version":"1729806018737"}}
{"logTime": "1117/095804", "correlationVector":"xlkBcpZE/94e5t1Cz5Cg0D.91","action":"GetUpdates", "result":"DeleteReceived", "context":{"id":"29984df8-6ee1-4cc8-af14-0c23160bbf54", "isDeleted:":"true", "version":"1729841966644"}}
{"logTime": "1117/095804", "correlationVector":"xlkBcpZE/94e5t1Cz5Cg0D.92","action":"GetUpdates", "result":"DeleteReceived", "context":{"id":"ef1b01fb-d2fb-4840-850f-723b8ebbde52", "isDeleted:":"true", "version":"1729853310688"}}
{"logTime": "1117/095804", "correlationVector":"xlkBcpZE/94e5t1Cz5Cg0D.93","action":"GetUpdates", "result":"DeleteReceived", "context":{"id":"28dccfd2-b0b0-44e5-8fda-09671c1f0dd7", "isDeleted:":"true", "version":"1730142796087"}}
{"logTime": "1117/095804", "correlationVector":"xlkBcpZE/94e5t1Cz5Cg0D.94","action":"GetUpdates", "result":"DeleteReceived", "context":{"id":"1c23393e-fc27-46ab-86c3-5f4a3e8fae7b", "isDeleted:":"true", "version":"1730142796088"}}
{"logTime": "1117/095804", "correlationVector":"xlkBcpZE/94e5t1Cz5Cg0D.95","action":"GetUpdates", "result":"DeleteReceived", "context":{"id":"dcc25987-2bd5-4b18-9cd8-f5c52267e55e", "isDeleted:":"true", "version":"1730160561910"}}
{"logTime": "1117/095804", "correlationVector":"xlkBcpZE/94e5t1Cz5Cg0D.96","action":"GetUpdates", "result":"DeleteReceived", "context":{"id":"d321589d-5fed-4d3a-8733-1f979b385f89", "isDeleted:":"true", "version":"1730160561912"}}
{"logTime": "1117/095804", "correlationVector":"xlkBcpZE/94e5t1Cz5Cg0D.97","action":"GetUpdates", "result":"DeleteReceived", "context":{"id":"c403ffa6-82f2-4956-b5c0-0bb4746eeb2a", "isDeleted:":"true", "version":"1730203172048"}}
{"logTime": "1117/095804", "correlationVector":"xlkBcpZE/94e5t1Cz5Cg0D.98","action":"GetUpdates", "result":"DeleteReceived", "context":{"id":"84091c27-6ff4-4945-8e0b-a5043bebf354", "isDeleted:":"true", "version":"1730212295735"}}
{"logTime": "1117/095804", "correlationVector":"xlkBcpZE/94e5t1Cz5Cg0D.99","action":"GetUpdates", "result":"DeleteReceived", "context":{"id":"ab2de2ac-546a-42ea-b0ec-07044a566b32", "isDeleted:":"true", "version":"1730271396173"}}
{"logTime": "1117/095804", "correlationVector":"xlkBcpZE/94e5t1Cz5Cg0D.100","action":"GetUpdates", "result":"DeleteReceived", "context":{"id":"ade3d730-41f9-437b-a1d5-e7c85e86f414", "isDeleted:":"true", "version":"1730271396174"}}
{"logTime": "1117/095804", "correlationVector":"xlkBcpZE/94e5t1Cz5Cg0D.101","action":"GetUpdates", "result":"DeleteReceived", "context":{"id":"d3be1575-b341-4a4c-947a-3b47d3009522", "isDeleted:":"true", "version":"1730284425423"}}
{"logTime": "1117/095804", "correlationVector":"xlkBcpZE/94e5t1Cz5Cg0D.102","action":"GetUpdates", "result":"DeleteReceived", "context":{"id":"135b8d21-6896-4cbf-9e79-85d866a02c30", "isDeleted:":"true", "version":"1730284425425"}}
{"logTime": "1117/095804", "correlationVector":"xlkBcpZE/94e5t1Cz5Cg0D.103","action":"GetUpdates", "result":"DeleteReceived", "context":{"id":"f4b2423f-618f-4336-be3f-d41ad4dc07be", "isDeleted:":"true", "version":"1730471298672"}}
{"logTime": "1117/095804", "correlationVector":"xlkBcpZE/94e5t1Cz5Cg0D.104","action":"GetUpdates", "result":"DeleteReceived", "context":{"id":"e39a404e-ad05-4445-bf23-975c9f476021", "isDeleted:":"true", "version":"1730645462223"}}
{"logTime": "1117/095804", "correlationVector":"xlkBcpZE/94e5t1Cz5Cg0D.105","action":"GetUpdates", "result":"DeleteReceived", "context":{"id":"2f4130b9-0385-4e33-a530-b792fd235150", "isDeleted:":"true", "version":"1730649084223"}}
{"logTime": "1117/095804", "correlationVector":"xlkBcpZE/94e5t1Cz5Cg0D.106","action":"GetUpdates", "result":"DeleteReceived", "context":{"id":"8350c01c-b635-4b15-97a8-2a226a06c2a8", "isDeleted:":"true", "version":"1730886810436"}}
{"logTime": "1117/095804", "correlationVector":"xlkBcpZE/94e5t1Cz5Cg0D.107","action":"GetUpdates", "result":"DeleteReceived", "context":{"id":"80ee43f6-c1bd-4628-a3cc-8e740f2775c3", "isDeleted:":"true", "version":"1730898959192"}}
{"logTime": "1117/095804", "correlationVector":"xlkBcpZE/94e5t1Cz5Cg0D.108","action":"GetUpdates", "result":"DeleteReceived", "context":{"id":"24472226-751f-46a2-80cf-73903a992f67", "isDeleted:":"true", "version":"1730915822482"}}
{"logTime": "1117/095804", "correlationVector":"xlkBcpZE/94e5t1Cz5Cg0D.109","action":"GetUpdates", "result":"DeleteReceived", "context":{"id":"3e495a65-99ea-4e3f-a6db-945a4612a334", "isDeleted:":"true", "version":"1730972645272"}}
{"logTime": "1117/095804", "correlationVector":"xlkBcpZE/94e5t1Cz5Cg0D.110","action":"GetUpdates", "result":"DeleteReceived", "context":{"id":"c66db531-38ef-406f-91e2-7783bca62f2b", "isDeleted:":"true", "version":"1730972891551"}}
{"logTime": "1117/095804", "correlationVector":"xlkBcpZE/94e5t1Cz5Cg0D.111","action":"GetUpdates", "result":"DeleteReceived", "context":{"id":"bbbed447-5810-41cf-9a8f-d4274e5c5302", "isDeleted:":"true", "version":"1730987935534"}}
{"logTime": "1117/095804", "correlationVector":"xlkBcpZE/94e5t1Cz5Cg0D.112","action":"GetUpdates", "result":"DeleteReceived", "context":{"id":"2b7106dd-c6a7-49d2-ac81-a79598cce0b2", "isDeleted:":"true", "version":"1730987935536"}}
{"logTime": "1117/095804", "correlationVector":"xlkBcpZE/94e5t1Cz5Cg0D.113","action":"GetUpdates", "result":"DeleteReceived", "context":{"id":"245bd984-835a-407a-9e67-c095ce2dddb9", "isDeleted:":"true", "version":"1731057842342"}}
{"logTime": "1117/095804", "correlationVector":"xlkBcpZE/94e5t1Cz5Cg0D.114","action":"GetUpdates", "result":"DeleteReceived", "context":{"id":"89fcde33-23fa-4d83-981f-fb6e0410fc43", "isDeleted:":"true", "version":"1731310617306"}}
{"logTime": "1117/095804", "correlationVector":"xlkBcpZE/94e5t1Cz5Cg0D.115","action":"GetUpdates", "result":"DeleteReceived", "context":{"id":"28480b72-5320-4bf8-b2df-4cdf25c4e325", "isDeleted:":"true", "version":"1731310617307"}}
{"logTime": "1117/095804", "correlationVector":"xlkBcpZE/94e5t1Cz5Cg0D.116","action":"GetUpdates", "result":"DeleteReceived", "context":{"id":"39adaacb-231e-49aa-8684-39a31961a4b8", "isDeleted:":"true", "version":"1731310712211"}}
{"logTime": "1117/095804", "correlationVector":"xlkBcpZE/94e5t1Cz5Cg0D.117","action":"GetUpdates", "result":"DeleteReceived", "context":{"id":"ec6208bc-8d8d-4b7e-b999-b1c284f02470", "isDeleted:":"true", "version":"1731314987986"}}
{"logTime": "1117/095804", "correlationVector":"xlkBcpZE/94e5t1Cz5Cg0D.118","action":"GetUpdates", "result":"DeleteReceived", "context":{"id":"93b4b338-2bcb-407c-8c4c-c6adde9a0564", "isDeleted:":"true", "version":"1731319661727"}}
{"logTime": "1117/095804", "correlationVector":"xlkBcpZE/94e5t1Cz5Cg0D.119","action":"GetUpdates", "result":"DeleteReceived", "context":{"id":"e3bb77ff-2e9b-4648-b9af-360429b3ccb5", "isDeleted:":"true", "version":"1731325148254"}}
{"logTime": "1117/095804", "correlationVector":"xlkBcpZE/94e5t1Cz5Cg0D.120","action":"GetUpdates", "result":"DeleteReceived", "context":{"id":"6ac47119-5869-4459-9b54-f0d6edcceaeb", "isDeleted:":"true", "version":"1731328262596"}}
{"logTime": "1117/095804", "correlationVector":"xlkBcpZE/94e5t1Cz5Cg0D.121","action":"GetUpdates", "result":"DeleteReceived", "context":{"id":"27325d9e-c596-4760-8e6c-0ec1c7ea7145", "isDeleted:":"true", "version":"1731328262597"}}
{"logTime": "1117/095804", "correlationVector":"xlkBcpZE/94e5t1Cz5Cg0D.122","action":"GetUpdates", "result":"DeleteReceived", "context":{"id":"a23583c9-3f56-431a-b4ac-1de53385d8c3", "isDeleted:":"true", "version":"1731328262598"}}
{"logTime": "1117/095804", "correlationVector":"xlkBcpZE/94e5t1Cz5Cg0D.123","action":"GetUpdates", "result":"DeleteReceived", "context":{"id":"e747dfc5-2db3-4b15-822d-5707c274849d", "isDeleted:":"true", "version":"1731339947680"}}
{"logTime": "1117/095804", "correlationVector":"xlkBcpZE/94e5t1Cz5Cg0D.124","action":"GetUpdates", "result":"DeleteReceived", "context":{"id":"ca9c2107-caaf-4f92-bedd-5bd37bd529cf", "isDeleted:":"true", "version":"1731421204771"}}
{"logTime": "1117/095804", "correlationVector":"xlkBcpZE/94e5t1Cz5Cg0D.125","action":"GetUpdates", "result":"DeleteReceived", "context":{"id":"4c015084-91d5-413b-a6f7-5c9cfbcea5a3", "isDeleted:":"true", "version":"1731421204774"}}
{"logTime": "1117/095804", "correlationVector":"xlkBcpZE/94e5t1Cz5Cg0D.126","action":"GetUpdates", "result":"DeleteReceived", "context":{"id":"cd0d61ad-a832-445d-ace4-100f0d101e6d", "isDeleted:":"true", "version":"1731421204775"}}
{"logTime": "1117/095804", "correlationVector":"xlkBcpZE/94e5t1Cz5Cg0D.127","action":"GetUpdates", "result":"DeleteReceived", "context":{"id":"cc0a86a7-bf5e-4a5d-b561-5585aa7bc064", "isDeleted:":"true", "version":"1731493816072"}}
{"logTime": "1117/095804", "correlationVector":"xlkBcpZE/94e5t1Cz5Cg0D.128","action":"GetUpdates", "result":"DeleteReceived", "context":{"id":"26e5f51d-5a1c-440a-bcee-201c86394b11", "isDeleted:":"true", "version":"1731493816073"}}
{"logTime": "1117/095804", "correlationVector":"xlkBcpZE/94e5t1Cz5Cg0D.129","action":"GetUpdates", "result":"DeleteReceived", "context":{"id":"8d441cdc-dbed-4aab-b973-39c0af7d53a1", "isDeleted:":"true", "version":"1731493816074"}}
{"logTime": "1117/095804", "correlationVector":"xlkBcpZE/94e5t1Cz5Cg0D.130","action":"GetUpdates", "result":"DeleteReceived", "context":{"id":"f475036f-9014-43be-816b-29df12b14c2d", "isDeleted:":"true", "version":"1731495418506"}}
{"logTime": "1117/095804", "correlationVector":"xlkBcpZE/94e5t1Cz5Cg0D.131","action":"GetUpdates", "result":"DeleteReceived", "context":{"id":"46eeb96a-ba6c-43a9-9b64-47b2d4717a2a", "isDeleted:":"true", "version":"1731503304518"}}
{"logTime": "1117/095804", "correlationVector":"xlkBcpZE/94e5t1Cz5Cg0D.132","action":"GetUpdates", "result":"DeleteReceived", "context":{"id":"1cb97de6-78fb-4da7-b5bf-1f5e5520d25e", "isDeleted:":"true", "version":"1731503304519"}}
{"logTime": "1117/095804", "correlationVector":"xlkBcpZE/94e5t1Cz5Cg0D.133","action":"GetUpdates", "result":"DeleteReceived", "context":{"id":"cedd4430-fb7d-4a75-8c56-6136c8fcf3b7", "isDeleted:":"true", "version":"1731503305274"}}
{"logTime": "1117/095804", "correlationVector":"xlkBcpZE/94e5t1Cz5Cg0D.134","action":"GetUpdates", "result":"DeleteReceived", "context":{"id":"acc5905b-1a24-41fc-a34b-e059b719a1b4", "isDeleted:":"true", "version":"1731687381070"}}
{"logTime": "1117/095804", "correlationVector":"xlkBcpZE/94e5t1Cz5Cg0D.135","action":"GetUpdates", "result":"DeleteReceived", "context":{"id":"633abe4d-f8e3-4b4d-b3f3-aabd8775af35", "isDeleted:":"true", "version":"1731690317169"}}
{"logTime": "1117/095804", "correlationVector":"xlkBcpZE/94e5t1Cz5Cg0D.136","action":"GetUpdates", "result":"DeleteReceived", "context":{"id":"64072a11-bfae-4696-a590-09ce71ece5db", "isDeleted:":"true", "version":"1731690637891"}}
{"logTime": "1117/095804", "correlationVector":"xlkBcpZE/94e5t1Cz5Cg0D.137","action":"GetUpdates", "result":"DeleteReceived", "context":{"id":"e487b729-56d8-4925-a9ba-1a492b32b95d", "isDeleted:":"true", "version":"1731691901124"}}
{"logTime": "1117/095804", "correlationVector":"xlkBcpZE/94e5t1Cz5Cg0D.138","action":"GetUpdates", "result":"DeleteReceived", "context":{"id":"fe7bb943-fed9-4dbe-a469-2df551fbc632", "isDeleted:":"true", "version":"1731692444976"}}
{"logTime": "1117/095804", "correlationVector":"xlkBcpZE/94e5t1Cz5Cg0D.139","action":"GetUpdates", "result":"DeleteReceived", "context":{"id":"a72e93b6-913a-4158-b3ed-dc568faef755", "isDeleted:":"true", "version":"1731698371324"}}
{"logTime": "1117/095804", "correlationVector":"xlkBcpZE/94e5t1Cz5Cg0D.140","action":"GetUpdates", "result":"DeleteReceived", "context":{"id":"dcebbfba-1a6f-4906-8177-3418faee6673", "isDeleted:":"true", "version":"1731836819011"}}
{"logTime": "1117/095804", "correlationVector":"xlkBcpZE/94e5t1Cz5Cg0D.141","action":"GetUpdates Response", "result":"Success", "context":Received 171 update(s). cV=xlkBcpZE/94e5t1Cz5Cg0D.0;server=GENERAL01000003;cloudType=Consumer;environment=Prod_WestEurope_000l;migrationStage=NotStarted}
{"logTime": "1117/095804", "correlationVector":"xaE5jk8YsLbthr15I/I3wf","action":"Normal GetUpdate request", "result":"", "context":cV=xaE5jk8YsLbthr15I/I3wf
Nudged types: Sessions, Device Info, User Consents
Refresh requested types: Bookmarks, Preferences, Passwords, Autofill Profiles, Autofill, Typed URLs, Extensions, Sessions, Extension settings, History Delete Directives, Device Info, User Consents, Send Tab To Self, Web Apps, Collection, Edge E Drop, Edge Hub App Usage, Edge Tab Group, Edge Wallet, Encryption Keys}
{"logTime": "1117/095805", "correlationVector":"xaE5jk8YsLbthr15I/I3wf.1","action":"SyncServerConnectionManagerRequest", "result":"SYNC_SERVER_OK", "context":{"environment":"Prod_WestEurope_x00e", "migrationStage":"NotStarted", "server":"GENERAL02000011"}}
{"logTime": "1117/095805", "correlationVector":"xaE5jk8YsLbthr15I/I3wf.2","action":"GetUpdates Response", "result":"Success", "context":Received 0 update(s). cV=xaE5jk8YsLbthr15I/I3wf.0;server=GENERAL02000011;cloudType=Consumer;environment=Prod_WestEurope_x00e;migrationStage=NotStarted}
{"logTime": "1117/095805", "correlationVector":"AgE7M5FRLsdr2e8gdQPmsp","action":"DoCompareDataConsistency requsted types: ", "result":"Bookmarks, Preferences, Passwords, Typed URLs, Extensions, Extension settings, History Delete Directives, Send Tab To Self, Web Apps, Collection, Edge E Drop, Edge Tab Group, Edge Wallet, Encryption Keys"}
{"logTime": "1117/095805", "correlationVector":"AgE7M5FRLsdr2e8gdQPmsp.0","action":"CompareDataConsistency result: ", "result":"Compare result: Encryption Keys is consistent. local entities count is: 1 local entities hash is: otw7+R2NRyQvUFCeMRCPUzxGGCQ="}
{"logTime": "1117/095805", "correlationVector":"AgE7M5FRLsdr2e8gdQPmsp.1","action":"CompareDataConsistency result: ", "result":"Compare result: Bookmarks is consistent. local entities count is: 22 local entities hash is: UxAUJzlIhCH6qh2m47S9kAXoLnc="}
{"logTime": "1117/095805", "correlationVector":"AgE7M5FRLsdr2e8gdQPmsp.2","action":"CompareDataConsistency result: ", "result":"Compare result: Preferences is consistent. local entities count is: 71 local entities hash is: 3XLaFUot8A9/h1bB7u3LeMQXSoU="}
{"logTime": "1117/095805", "correlationVector":"AgE7M5FRLsdr2e8gdQPmsp.3","action":"CompareDataConsistency result: ", "result":"Server did not send this Typed URLs local entities count is: 17 local entities hash is: UPMZF2aFMUcEPFSAWPs2qxS8+x4="}
{"logTime": "1117/095805", "correlationVector":"AgE7M5FRLsdr2e8gdQPmsp.4","action":"CompareDataConsistency result: ", "result":"Compare result: Extensions is consistent. local entities count is: 3 local entities hash is: c8lz8GBWNsIvXOpUuAtYHJ0vTkw="}
{"logTime": "1117/095805", "correlationVector":"AgE7M5FRLsdr2e8gdQPmsp.5","action":"CompareDataConsistency result: ", "result":"Compare result: Extension settings is consistent. local entities count is: 8 local entities hash is: +3097xMU2yZTvZR6cKNCeqizzs8="}
{"logTime": "1117/095805", "correlationVector":"AgE7M5FRLsdr2e8gdQPmsp.6","action":"CompareDataConsistency result: ", "result":"Compare result: History Delete Directives is consistent. local entities count is: 0 local entities hash is: "}
{"logTime": "1117/095805", "correlationVector":"AgE7M5FRLsdr2e8gdQPmsp.7","action":"CompareDataConsistency result: ", "result":"Server did not send this Send Tab To Self local entities count is: 0 local entities hash is: "}
{"logTime": "1117/095805", "correlationVector":"AgE7M5FRLsdr2e8gdQPmsp.8","action":"CompareDataConsistency result: ", "result":"Compare result: Web Apps is consistent. local entities count is: 0 local entities hash is: "}
{"logTime": "1117/095805", "correlationVector":"AgE7M5FRLsdr2e8gdQPmsp.9","action":"CompareDataConsistency result: ", "result":"Compare result: Collection is consistent. local entities count is: 0 local entities hash is: "}
{"logTime": "1117/095805", "correlationVector":"AgE7M5FRLsdr2e8gdQPmsp.10","action":"CompareDataConsistency result: ", "result":"Compare result: Edge E Drop is consistent. local entities count is: 0 local entities hash is: "}
{"logTime": "1117/095805", "correlationVector":"AgE7M5FRLsdr2e8gdQPmsp.11","action":"CompareDataConsistency result: ", "result":"Compare result: Edge Tab Group is consistent. local entities count is: 0 local entities hash is: "}
{"logTime": "1117/095805", "correlationVector":"AgE7M5FRLsdr2e8gdQPmsp.12","action":"CompareDataConsistency result: ", "result":"Compare result: Edge Wallet is consistent. local entities count is: 0 local entities hash is: "}
{"logTime": "1117/095805", "correlationVector":"AgE7M5FRLsdr2e8gdQPmsp.13","action":"CompareDataConsistency result: ", "result":"Compare result: Passwords is consistent. local entities count is: 91 local entities hash is: aXlQR4E1TS1ndA9yeawJ51ydF6E="}
{"logTime": "1117/095805", "correlationVector":"LBCzZN0G1JODfayA2E9jBo","action":"Commit Request", "result":"", "context":Item count: 5
Contributing types: Sessions, Device Info, User Consents}
{"logTime": "1117/095805", "correlationVector":"LBCzZN0G1JODfayA2E9jBo.1","action":"SyncServerConnectionManagerRequest", "result":"SYNC_SERVER_OK", "context":{"environment":"Prod_WestEurope_000l", "migrationStage":"NotStarted", "server":"GENERAL01000009"}}
{"logTime": "1117/095805", "correlationVector":"LBCzZN0G1JODfayA2E9jBo.2","action":"Commit Response", "result":"Success", "context":Result: Success. cV=LBCzZN0G1JODfayA2E9jBo.0;server=GENERAL01000009;cloudType=Consumer;environment=Prod_WestEurope_000l;migrationStage=NotStarted}
{"logTime": "1117/095805", "correlationVector":"","action":"DIAGNOSTIC_REQUEST|v1/diagnosticData/Diagnostic.SendCheckResult()|SUCCESS", "result":""}
{"logTime": "1117/095806", "correlationVector":"lqzVRD42v/JJYvW2wQXpgM","action":"Normal GetUpdate request", "result":"", "context":cV=lqzVRD42v/JJYvW2wQXpgM
Nudged types: Sessions, Device Info}
{"logTime": "1117/095806", "correlationVector":"lqzVRD42v/JJYvW2wQXpgM.1","action":"SyncServerConnectionManagerRequest", "result":"SYNC_SERVER_OK", "context":{"environment":"Prod_WestEurope_x00e", "migrationStage":"NotStarted", "server":"GENERAL0100001A"}}
{"logTime": "1117/095806", "correlationVector":"lqzVRD42v/JJYvW2wQXpgM.2","action":"GetUpdates Response", "result":"Success", "context":Received 3 update(s). cV=lqzVRD42v/JJYvW2wQXpgM.0;server=GENERAL0100001A;cloudType=Consumer;environment=Prod_WestEurope_x00e;migrationStage=NotStarted}
{"logTime": "1117/095814", "correlationVector":"WboLEioMCA1JMzd/QhZgFI","action":"Normal GetUpdate request", "result":"", "context":cV=WboLEioMCA1JMzd/QhZgFI
Nudged types: Edge Hub App Usage}
{"logTime": "1117/095815", "correlationVector":"WboLEioMCA1JMzd/QhZgFI.1","action":"SyncServerConnectionManagerRequest", "result":"SYNC_SERVER_OK", "context":{"environment":"Prod_WestEurope_000l", "migrationStage":"NotStarted", "server":"GENERAL01000013"}}
{"logTime": "1117/095815", "correlationVector":"WboLEioMCA1JMzd/QhZgFI.2","action":"GetUpdates Response", "result":"Success", "context":Received 0 update(s). cV=WboLEioMCA1JMzd/QhZgFI.0;server=GENERAL01000013;cloudType=Consumer;environment=Prod_WestEurope_000l;migrationStage=NotStarted}
{"logTime": "1117/095815", "correlationVector":"BfMk7h36nNgtRtSmOiy6ct","action":"Commit Request", "result":"", "context":Item count: 1
Contributing types: Edge Hub App Usage}
{"logTime": "1117/095815", "correlationVector":"BfMk7h36nNgtRtSmOiy6ct.1","action":"SyncServerConnectionManagerRequest", "result":"SYNC_SERVER_OK", "context":{"environment":"Prod_WestEurope_000l", "migrationStage":"NotStarted", "server":"GENERAL0100001C"}}
{"logTime": "1117/095815", "correlationVector":"BfMk7h36nNgtRtSmOiy6ct.2","action":"Commit Response", "result":"Success", "context":Result: Success. cV=BfMk7h36nNgtRtSmOiy6ct.0;server=GENERAL0100001C;cloudType=Consumer;environment=Prod_WestEurope_000l;migrationStage=NotStarted}
{"logTime": "1117/095854", "correlationVector":"eFnb5DxbsvwXJ/BV+ysfIK","action":"Commit Request", "result":"", "context":Item count: 1
Contributing types: Sessions}
{"logTime": "1117/095855", "correlationVector":"eFnb5DxbsvwXJ/BV+ysfIK.1","action":"SyncServerConnectionManagerRequest", "result":"SYNC_SERVER_OK", "context":{"environment":"Prod_WestEurope_000l", "migrationStage":"NotStarted", "server":"GENERAL01000001"}}
{"logTime": "1117/095855", "correlationVector":"eFnb5DxbsvwXJ/BV+ysfIK.2","action":"Commit Response", "result":"Success", "context":Result: Success. cV=eFnb5DxbsvwXJ/BV+ysfIK.0;server=GENERAL01000001;cloudType=Consumer;environment=Prod_WestEurope_000l;migrationStage=NotStarted}
{"logTime": "1117/100120", "correlationVector":"fhugYctbzmXqQjbyI/b+7o","action":"Commit Request", "result":"", "context":Item count: 1
Contributing types: Sessions}
{"logTime": "1117/100121", "correlationVector":"fhugYctbzmXqQjbyI/b+7o.1","action":"SyncServerConnectionManagerRequest", "result":"SYNC_SERVER_OK", "context":{"environment":"Prod_WestEurope_x00e", "migrationStage":"NotStarted", "server":"GENERAL02000033"}}
{"logTime": "1117/100121", "correlationVector":"fhugYctbzmXqQjbyI/b+7o.2","action":"Commit Response", "result":"Success", "context":Result: Success. cV=fhugYctbzmXqQjbyI/b+7o.0;server=GENERAL02000033;cloudType=Consumer;environment=Prod_WestEurope_x00e;migrationStage=NotStarted}
{"logTime": "1117/100410", "correlationVector":"gFslMNdBFdJj4r3ZxuH936.1","action":"SyncServerConnectionManagerRequest", "result":"SYNC_SERVER_OK", "context":{"environment":"Prod_WestEurope_x00e", "migrationStage":"NotStarted", "server":"GENERAL02000002"}}
{"logTime": "1117/100411", "correlationVector":"fGf/AcTpmA2OGKelKzDgGm","action":"SyncServerConnectionManagerRequest", "result":"SYNC_SERVER_OK", "context":{"environment":"", "migrationStage":"", "server":""}}
{"logTime": "1117/100411", "correlationVector":"gFslMNdBFdJj4r3ZxuH936","action":"Initial GetUpdates", "result":"", "context":Reason: NEW_CLIENT. cV=gFslMNdBFdJj4r3ZxuH936}
{"logTime": "1117/100411", "correlationVector":"gFslMNdBFdJj4r3ZxuH936.2","action":"GetUpdates Response", "result":"Success", "context":Received 1 update(s). cV=gFslMNdBFdJj4r3ZxuH936.0;server=GENERAL02000002;cloudType=Consumer;environment=Prod_WestEurope_x00e;migrationStage=NotStarted}
{"logTime": "1117/100411", "correlationVector":"Ioi+xye++5GiuU1aX8NVgv","action":"Initial GetUpdates", "result":"", "context":Reason: NEWLY_SUPPORTED_DATATYPE. cV=Ioi+xye++5GiuU1aX8NVgv}
{"logTime": "1117/100412", "correlationVector":"Ioi+xye++5GiuU1aX8NVgv.1","action":"SyncServerConnectionManagerRequest", "result":"SYNC_SERVER_OK", "context":{"environment":"Prod_WestEurope_000l", "migrationStage":"NotStarted", "server":"general0100001E"}}
{"logTime": "1117/100412", "correlationVector":"Ioi+xye++5GiuU1aX8NVgv.2","action":"GetUpdates Response", "result":"Success", "context":Received 91 update(s). cV=Ioi+xye++5GiuU1aX8NVgv.0;server=general0100001E;cloudType=Consumer;environment=Prod_WestEurope_000l;migrationStage=NotStarted}
{"logTime": "1117/100413", "correlationVector":"OE/XEsmSpl1RDviHnciemP","action":"Normal GetUpdate request", "result":"", "context":cV=OE/XEsmSpl1RDviHnciemP
Nudged types: Sessions
Refresh requested types: Bookmarks, Preferences, Passwords, Autofill Profiles, Autofill, Typed URLs, Extensions, Sessions, Extension settings, History Delete Directives, Device Info, User Consents, Send Tab To Self, Web Apps, Collection, Edge E Drop, Edge Hub App Usage, Edge Tab Group, Edge Wallet, Encryption Keys}
{"logTime": "1117/100413", "correlationVector":"OE/XEsmSpl1RDviHnciemP.1","action":"SyncServerConnectionManagerRequest", "result":"SYNC_SERVER_OK", "context":{"environment":"Prod_WestEurope_000l", "migrationStage":"NotStarted", "server":"GENERAL01000006"}}
{"logTime": "1117/100413", "correlationVector":"OE/XEsmSpl1RDviHnciemP.2","action":"GetUpdates Response", "result":"Success", "context":Received 2 update(s). cV=OE/XEsmSpl1RDviHnciemP.0;server=GENERAL01000006;cloudType=Consumer;environment=Prod_WestEurope_000l;migrationStage=NotStarted}
{"logTime": "1117/100413", "correlationVector":"ijQgdkFOejGWHKizGZrrf7","action":"DoCompareDataConsistency requsted types: ", "result":"Bookmarks, Preferences, Passwords, Typed URLs, Extensions, Extension settings, History Delete Directives, Send Tab To Self, Web Apps, Collection, Edge E Drop, Edge Tab Group, Edge Wallet, Encryption Keys"}
{"logTime": "1117/100413", "correlationVector":"ijQgdkFOejGWHKizGZrrf7.0","action":"CompareDataConsistency result: ", "result":"Compare result: Encryption Keys is consistent. local entities count is: 1 local entities hash is: otw7+R2NRyQvUFCeMRCPUzxGGCQ="}
{"logTime": "1117/100413", "correlationVector":"ijQgdkFOejGWHKizGZrrf7.1","action":"CompareDataConsistency result: ", "result":"Compare result: Bookmarks is consistent. local entities count is: 22 local entities hash is: UxAUJzlIhCH6qh2m47S9kAXoLnc="}
{"logTime": "1117/100413", "correlationVector":"ijQgdkFOejGWHKizGZrrf7.2","action":"CompareDataConsistency result: ", "result":"Compare result: Preferences is consistent. local entities count is: 71 local entities hash is: 3XLaFUot8A9/h1bB7u3LeMQXSoU="}
{"logTime": "1117/100413", "correlationVector":"ijQgdkFOejGWHKizGZrrf7.3","action":"CompareDataConsistency result: ", "result":"Server did not send this Typed URLs local entities count is: 17 local entities hash is: UPMZF2aFMUcEPFSAWPs2qxS8+x4="}
{"logTime": "1117/100413", "correlationVector":"ijQgdkFOejGWHKizGZrrf7.4","action":"CompareDataConsistency result: ", "result":"Compare result: Extensions is consistent. local entities count is: 3 local entities hash is: c8lz8GBWNsIvXOpUuAtYHJ0vTkw="}
{"logTime": "1117/100413", "correlationVector":"ijQgdkFOejGWHKizGZrrf7.5","action":"CompareDataConsistency result: ", "result":"Compare result: Extension settings is consistent. local entities count is: 8 local entities hash is: +3097xMU2yZTvZR6cKNCeqizzs8="}
{"logTime": "1117/100413", "correlationVector":"ijQgdkFOejGWHKizGZrrf7.6","action":"CompareDataConsistency result: ", "result":"Compare result: History Delete Directives is consistent. local entities count is: 0 local entities hash is: "}
{"logTime": "1117/100413", "correlationVector":"ijQgdkFOejGWHKizGZrrf7.7","action":"CompareDataConsistency result: ", "result":"Server did not send this Send Tab To Self local entities count is: 0 local entities hash is: "}
{"logTime": "1117/100413", "correlationVector":"ijQgdkFOejGWHKizGZrrf7.8","action":"CompareDataConsistency result: ", "result":"Compare result: Web Apps is consistent. local entities count is: 0 local entities hash is: "}
{"logTime": "1117/100413", "correlationVector":"ijQgdkFOejGWHKizGZrrf7.9","action":"CompareDataConsistency result: ", "result":"Compare result: Collection is consistent. local entities count is: 0 local entities hash is: "}
{"logTime": "1117/100413", "correlationVector":"ijQgdkFOejGWHKizGZrrf7.10","action":"CompareDataConsistency result: ", "result":"Compare result: Edge E Drop is consistent. local entities count is: 0 local entities hash is: "}
{"logTime": "1117/100413", "correlationVector":"ijQgdkFOejGWHKizGZrrf7.11","action":"CompareDataConsistency result: ", "result":"Compare result: Edge Tab Group is consistent. local entities count is: 0 local entities hash is: "}
{"logTime": "1117/100413", "correlationVector":"ijQgdkFOejGWHKizGZrrf7.12","action":"CompareDataConsistency result: ", "result":"Compare result: Edge Wallet is consistent. local entities count is: 0 local entities hash is: "}
{"logTime": "1117/100413", "correlationVector":"ijQgdkFOejGWHKizGZrrf7.13","action":"CompareDataConsistency result: ", "result":"Compare result: Passwords is consistent. local entities count is: 91 local entities hash is: aXlQR4E1TS1ndA9yeawJ51ydF6E="}
{"logTime": "1117/100413", "correlationVector":"ikvd1BZdfqVfHLLTk4bLJk","action":"Commit Request", "result":"", "context":Item count: 3
Contributing types: Sessions}
{"logTime": "1117/100413", "correlationVector":"ikvd1BZdfqVfHLLTk4bLJk.1","action":"SyncServerConnectionManagerRequest", "result":"SYNC_SERVER_OK", "context":{"environment":"Prod_WestEurope_000l", "migrationStage":"NotStarted", "server":"GENERAL0100001G"}}
{"logTime": "1117/100413", "correlationVector":"ikvd1BZdfqVfHLLTk4bLJk.2","action":"Commit Response", "result":"Success", "context":Result: Success. cV=ikvd1BZdfqVfHLLTk4bLJk.0;server=GENERAL0100001G;cloudType=Consumer;environment=Prod_WestEurope_000l;migrationStage=NotStarted}
{"logTime": "1117/100413", "correlationVector":"","action":"DIAGNOSTIC_REQUEST|v1/diagnosticData/Diagnostic.SendCheckResult()|SUCCESS", "result":""}
{"logTime": "1117/100443", "correlationVector":"d2t7jnQ7QT77/Qbzva3Hdz","action":"Normal GetUpdate request", "result":"", "context":cV=d2t7jnQ7QT77/Qbzva3Hdz
Nudged types: Sessions}
{"logTime": "1117/100444", "correlationVector":"d2t7jnQ7QT77/Qbzva3Hdz.1","action":"SyncServerConnectionManagerRequest", "result":"SYNC_SERVER_OK", "context":{"environment":"Prod_WestEurope_x00e", "migrationStage":"NotStarted", "server":"GENERAL0200002A"}}
{"logTime": "1117/100444", "correlationVector":"d2t7jnQ7QT77/Qbzva3Hdz.2","action":"GetUpdates Response", "result":"Success", "context":Received 3 update(s). cV=d2t7jnQ7QT77/Qbzva3Hdz.0;server=GENERAL0200002A;cloudType=Consumer;environment=Prod_WestEurope_x00e;migrationStage=NotStarted}
{"logTime": "1117/100444", "correlationVector":"jJXuQoxs/GhyKWS2Vbxc/n","action":"Commit Request", "result":"", "context":Item count: 2
Contributing types: Sessions}
{"logTime": "1117/100444", "correlationVector":"jJXuQoxs/GhyKWS2Vbxc/n.1","action":"SyncServerConnectionManagerRequest", "result":"SYNC_SERVER_OK", "context":{"environment":"Prod_WestEurope_000l", "migrationStage":"NotStarted", "server":"GENERAL0100000I"}}
{"logTime": "1117/100444", "correlationVector":"jJXuQoxs/GhyKWS2Vbxc/n.2","action":"Commit Response", "result":"Success", "context":Result: Success. cV=jJXuQoxs/GhyKWS2Vbxc/n.0;server=GENERAL0100000I;cloudType=Consumer;environment=Prod_WestEurope_000l;migrationStage=NotStarted}
{"logTime": "1117/100444", "correlationVector":"jJXuQoxs/GhyKWS2Vbxc/n.3","action":"Commit.Sessions", "result":"Success", "context":{"id":"10d94d70-c57d-468d-80ea-d76151d74827", "isDeleted":"true", "size":"0", "version":"1731837854394"}}
{"logTime": "1117/100558", "correlationVector":"qf6QrYaNdQtJQScV+Q7L8o","action":"Commit Request", "result":"", "context":Item count: 1
Contributing types: Sessions}
{"logTime": "1117/100559", "correlationVector":"qf6QrYaNdQtJQScV+Q7L8o.1","action":"SyncServerConnectionManagerRequest", "result":"SYNC_SERVER_OK", "context":{"environment":"Prod_WestEurope_000l", "migrationStage":"NotStarted", "server":"GENERAL0100000U"}}
{"logTime": "1117/100559", "correlationVector":"qf6QrYaNdQtJQScV+Q7L8o.2","action":"Commit Response", "result":"Success", "context":Result: Success. cV=qf6QrYaNdQtJQScV+Q7L8o.0;server=GENERAL0100000U;cloudType=Consumer;environment=Prod_WestEurope_000l;migrationStage=NotStarted}
{"logTime": "1117/100909", "correlationVector":"/8Spck+geB/krpdttyE70S","action":"Normal GetUpdate request", "result":"", "context":cV=/8Spck+geB/krpdttyE70S
Refresh requested types: Bookmarks, Preferences, Passwords, Autofill Profiles, Autofill, Typed URLs, Extensions, Sessions, Extension settings, History Delete Directives, Device Info, User Consents, Send Tab To Self, Web Apps, Collection, Edge E Drop, Edge Hub App Usage, Edge Tab Group, Edge Wallet, Encryption Keys}
{"logTime": "1117/100910", "correlationVector":"/8Spck+geB/krpdttyE70S.1","action":"SyncServerConnectionManagerRequest", "result":"SYNC_SERVER_OK", "context":{"environment":"Prod_WestEurope_x00e", "migrationStage":"NotStarted", "server":"GENERAL02000029"}}
{"logTime": "1117/100910", "correlationVector":"/8Spck+geB/krpdttyE70S.2","action":"GetUpdates", "result":"DeleteReceived", "context":{"id":"10d94d70-c57d-468d-80ea-d76151d74827", "isDeleted:":"true", "version":"1731837885141"}}
{"logTime": "1117/100910", "correlationVector":"/8Spck+geB/krpdttyE70S.3","action":"GetUpdates Response", "result":"Success", "context":Received 2 update(s). cV=/8Spck+geB/krpdttyE70S.0;server=GENERAL02000029;cloudType=Consumer;environment=Prod_WestEurope_x00e;migrationStage=NotStarted}
{"logTime": "1117/101140", "correlationVector":"7PkpwJTDMdRsOki7gPRS77","action":"Commit Request", "result":"", "context":Item count: 1
Contributing types: Sessions}
{"logTime": "1117/101141", "correlationVector":"7PkpwJTDMdRsOki7gPRS77.1","action":"SyncServerConnectionManagerRequest", "result":"SYNC_SERVER_OK", "context":{"environment":"Prod_WestEurope_000l", "migrationStage":"NotStarted", "server":"GENERAL01000010"}}
{"logTime": "1117/101141", "correlationVector":"7PkpwJTDMdRsOki7gPRS77.2","action":"Commit Response", "result":"Success", "context":Result: Success. cV=7PkpwJTDMdRsOki7gPRS77.0;server=GENERAL01000010;cloudType=Consumer;environment=Prod_WestEurope_000l;migrationStage=NotStarted}
{"logTime": "1117/101418", "correlationVector":"AUFJ6Je2B1EeZPAqDBWy0t","action":"Commit Request", "result":"", "context":Item count: 1
Contributing types: Sessions}
{"logTime": "1117/101419", "correlationVector":"AUFJ6Je2B1EeZPAqDBWy0t.1","action":"SyncServerConnectionManagerRequest", "result":"SYNC_SERVER_OK", "context":{"environment":"Prod_WestEurope_000l", "migrationStage":"NotStarted", "server":"GENERAL01000017"}}
{"logTime": "1117/101419", "correlationVector":"AUFJ6Je2B1EeZPAqDBWy0t.2","action":"Commit Response", "result":"Success", "context":Result: Success. cV=AUFJ6Je2B1EeZPAqDBWy0t.0;server=GENERAL01000017;cloudType=Consumer;environment=Prod_WestEurope_000l;migrationStage=NotStarted}
{"logTime": "1117/101451", "correlationVector":"c6XntLOEEsWdtQRgXTqFdk","action":"Commit Request", "result":"", "context":Item count: 1
Contributing types: Sessions}
{"logTime": "1117/101451", "correlationVector":"c6XntLOEEsWdtQRgXTqFdk.1","action":"SyncServerConnectionManagerRequest", "result":"SYNC_SERVER_OK", "context":{"environment":"Prod_WestEurope_000l", "migrationStage":"NotStarted", "server":"GENERAL0100001L"}}
{"logTime": "1117/101451", "correlationVector":"c6XntLOEEsWdtQRgXTqFdk.2","action":"Commit Response", "result":"Success", "context":Result: Success. cV=c6XntLOEEsWdtQRgXTqFdk.0;server=GENERAL0100001L;cloudType=Consumer;environment=Prod_WestEurope_000l;migrationStage=NotStarted}
{"logTime": "1117/101543", "correlationVector":"S/uAQ/Zp6gE0Hl8xQRHHb9","action":"Commit Request", "result":"", "context":Item count: 1
Contributing types: Sessions}
{"logTime": "1117/101543", "correlationVector":"S/uAQ/Zp6gE0Hl8xQRHHb9.1","action":"SyncServerConnectionManagerRequest", "result":"SYNC_SERVER_OK", "context":{"environment":"Prod_WestEurope_000l", "migrationStage":"NotStarted", "server":"GENERAL01000019"}}
{"logTime": "1117/101543", "correlationVector":"S/uAQ/Zp6gE0Hl8xQRHHb9.2","action":"Commit Response", "result":"Success", "context":Result: Success. cV=S/uAQ/Zp6gE0Hl8xQRHHb9.0;server=GENERAL01000019;cloudType=Consumer;environment=Prod_WestEurope_000l;migrationStage=NotStarted}
{"logTime": "1117/101647", "correlationVector":"LBV30y3duOtcvESUJiMuH7","action":"Commit Request", "result":"", "context":Item count: 1
Contributing types: Sessions}
{"logTime": "1117/101648", "correlationVector":"LBV30y3duOtcvESUJiMuH7.1","action":"SyncServerConnectionManagerRequest", "result":"SYNC_SERVER_OK", "context":{"environment":"Prod_WestEurope_000l", "migrationStage":"NotStarted", "server":"GENERAL0100001F"}}
{"logTime": "1117/101648", "correlationVector":"LBV30y3duOtcvESUJiMuH7.2","action":"Commit Response", "result":"Success", "context":Result: Success. cV=LBV30y3duOtcvESUJiMuH7.0;server=GENERAL0100001F;cloudType=Consumer;environment=Prod_WestEurope_000l;migrationStage=NotStarted}
{"logTime": "1117/101728", "correlationVector":"vE4O5WvEeDLBf+M+d7VAak","action":"Commit Request", "result":"", "context":Item count: 1
Contributing types: Sessions}
{"logTime": "1117/101728", "correlationVector":"vE4O5WvEeDLBf+M+d7VAak.1","action":"SyncServerConnectionManagerRequest", "result":"SYNC_SERVER_OK", "context":{"environment":"Prod_WestEurope_x00e", "migrationStage":"NotStarted", "server":"GENERAL0200002W"}}
{"logTime": "1117/101728", "correlationVector":"vE4O5WvEeDLBf+M+d7VAak.2","action":"Commit Response", "result":"Success", "context":Result: Success. cV=vE4O5WvEeDLBf+M+d7VAak.0;server=GENERAL0200002W;cloudType=Consumer;environment=Prod_WestEurope_x00e;migrationStage=NotStarted}
{"logTime": "1117/101834", "correlationVector":"sHZ+kz4FhiGBzJihMp1sjh","action":"Commit Request", "result":"", "context":Item count: 1
Contributing types: Sessions}
{"logTime": "1117/101834", "correlationVector":"sHZ+kz4FhiGBzJihMp1sjh.1","action":"SyncServerConnectionManagerRequest", "result":"SYNC_SERVER_OK", "context":{"environment":"Prod_WestEurope_000l", "migrationStage":"NotStarted", "server":"GENERAL0100001N"}}
{"logTime": "1117/101834", "correlationVector":"sHZ+kz4FhiGBzJihMp1sjh.2","action":"Commit Response", "result":"Success", "context":Result: Success. cV=sHZ+kz4FhiGBzJihMp1sjh.0;server=GENERAL0100001N;cloudType=Consumer;environment=Prod_WestEurope_000l;migrationStage=NotStarted}
{"logTime": "1117/101946", "correlationVector":"JiIvBxL+WGz5ddGNGkt6nU","action":"Commit Request", "result":"", "context":Item count: 1
Contributing types: Sessions}
{"logTime": "1117/101947", "correlationVector":"JiIvBxL+WGz5ddGNGkt6nU.1","action":"SyncServerConnectionManagerRequest", "result":"SYNC_SERVER_OK", "context":{"environment":"Prod_WestEurope_x00e", "migrationStage":"NotStarted", "server":"general01000018"}}
{"logTime": "1117/101947", "correlationVector":"JiIvBxL+WGz5ddGNGkt6nU.2","action":"Commit Response", "result":"Success", "context":Result: Success. cV=JiIvBxL+WGz5ddGNGkt6nU.0;server=general01000018;cloudType=Consumer;environment=Prod_WestEurope_x00e;migrationStage=NotStarted}
{"logTime": "1117/102018", "correlationVector":"gNgbta+18eIQHIRjUaVKzi","action":"Commit Request", "result":"", "context":Item count: 1
Contributing types: Sessions}
{"logTime": "1117/102019", "correlationVector":"gNgbta+18eIQHIRjUaVKzi.1","action":"SyncServerConnectionManagerRequest", "result":"SYNC_SERVER_OK", "context":{"environment":"Prod_WestEurope_x00e", "migrationStage":"NotStarted", "server":"GENERAL02000021"}}
{"logTime": "1117/102019", "correlationVector":"gNgbta+18eIQHIRjUaVKzi.2","action":"Commit Response", "result":"Success", "context":Result: Success. cV=gNgbta+18eIQHIRjUaVKzi.0;server=GENERAL02000021;cloudType=Consumer;environment=Prod_WestEurope_x00e;migrationStage=NotStarted}
{"logTime": "1117/102122", "correlationVector":"tUtlu5a1eAPsZqVgqYSzqA","action":"Commit Request", "result":"", "context":Item count: 1
Contributing types: Sessions}
{"logTime": "1117/102122", "correlationVector":"tUtlu5a1eAPsZqVgqYSzqA.1","action":"SyncServerConnectionManagerRequest", "result":"SYNC_SERVER_OK", "context":{"environment":"Prod_WestEurope_x00e", "migrationStage":"NotStarted", "server":"GENERAL0200002L"}}
{"logTime": "1117/102122", "correlationVector":"tUtlu5a1eAPsZqVgqYSzqA.2","action":"Commit Response", "result":"Success", "context":Result: Success. cV=tUtlu5a1eAPsZqVgqYSzqA.0;server=GENERAL0200002L;cloudType=Consumer;environment=Prod_WestEurope_x00e;migrationStage=NotStarted}
{"logTime": "1117/102202", "correlationVector":"drgFIQUSJycLY0gvEji16D","action":"Commit Request", "result":"", "context":Item count: 1
Contributing types: Sessions}
{"logTime": "1117/102203", "correlationVector":"drgFIQUSJycLY0gvEji16D.1","action":"SyncServerConnectionManagerRequest", "result":"SYNC_SERVER_OK", "context":{"environment":"Prod_WestEurope_000l", "migrationStage":"NotStarted", "server":"GENERAL01000012"}}
{"logTime": "1117/102203", "correlationVector":"drgFIQUSJycLY0gvEji16D.2","action":"Commit Response", "result":"Success", "context":Result: Success. cV=drgFIQUSJycLY0gvEji16D.0;server=GENERAL01000012;cloudType=Consumer;environment=Prod_WestEurope_000l;migrationStage=NotStarted}
{"logTime": "1117/102245", "correlationVector":"/90373ds6zfHsUVIm2YfaK","action":"Commit Request", "result":"", "context":Item count: 1
Contributing types: Sessions}
{"logTime": "1117/102245", "correlationVector":"/90373ds6zfHsUVIm2YfaK.1","action":"SyncServerConnectionManagerRequest", "result":"SYNC_SERVER_OK", "context":{"environment":"Prod_WestEurope_000l", "migrationStage":"NotStarted", "server":"GENERAL0100000F"}}
{"logTime": "1117/102245", "correlationVector":"/90373ds6zfHsUVIm2YfaK.2","action":"Commit Response", "result":"Success", "context":Result: Success. cV=/90373ds6zfHsUVIm2YfaK.0;server=GENERAL0100000F;cloudType=Consumer;environment=Prod_WestEurope_000l;migrationStage=NotStarted}
{"logTime": "1117/102337", "correlationVector":"mxw8hWhT5JETCUwom1XZGI","action":"Commit Request", "result":"", "context":Item count: 1
Contributing types: Sessions}
{"logTime": "1117/102338", "correlationVector":"mxw8hWhT5JETCUwom1XZGI.1","action":"SyncServerConnectionManagerRequest", "result":"SYNC_SERVER_OK", "context":{"environment":"Prod_WestEurope_000l", "migrationStage":"NotStarted", "server":"GENERAL0100001M"}}
{"logTime": "1117/102338", "correlationVector":"mxw8hWhT5JETCUwom1XZGI.2","action":"Commit Response", "result":"Success", "context":Result: Success. cV=mxw8hWhT5JETCUwom1XZGI.0;server=GENERAL0100001M;cloudType=Consumer;environment=Prod_WestEurope_000l;migrationStage=NotStarted}
{"logTime": "1117/102408", "correlationVector":"nAdAlmim5D7XkTQjHkJq5/","action":"Commit Request", "result":"", "context":Item count: 1
Contributing types: Sessions}
{"logTime": "1117/102408", "correlationVector":"nAdAlmim5D7XkTQjHkJq5/.1","action":"SyncServerConnectionManagerRequest", "result":"SYNC_SERVER_OK", "context":{"environment":"Prod_WestEurope_x00e", "migrationStage":"NotStarted", "server":"GENERAL02000013"}}
{"logTime": "1117/102408", "correlationVector":"nAdAlmim5D7XkTQjHkJq5/.2","action":"Commit Response", "result":"Success", "context":Result: Success. cV=nAdAlmim5D7XkTQjHkJq5/.0;server=GENERAL02000013;cloudType=Consumer;environment=Prod_WestEurope_x00e;migrationStage=NotStarted}
{"logTime": "1117/102747", "correlationVector":"2wggbU31JxUToKxh0pKoXu","action":"Commit Request", "result":"", "context":Item count: 1
Contributing types: Sessions}
{"logTime": "1117/102748", "correlationVector":"2wggbU31JxUToKxh0pKoXu.1","action":"SyncServerConnectionManagerRequest", "result":"SYNC_SERVER_OK", "context":{"environment":"Prod_WestEurope_000l", "migrationStage":"NotStarted", "server":"GENERAL0100000O"}}
{"logTime": "1117/102748", "correlationVector":"2wggbU31JxUToKxh0pKoXu.2","action":"Commit Response", "result":"Success", "context":Result: Success. cV=2wggbU31JxUToKxh0pKoXu.0;server=GENERAL0100000O;cloudType=Consumer;environment=Prod_WestEurope_000l;migrationStage=NotStarted}
{"logTime": "1117/102904", "correlationVector":"VWrXyrqIxWzQzTwxHzXf00","action":"Commit Request", "result":"", "context":Item count: 1
Contributing types: Sessions}
{"logTime": "1117/102904", "correlationVector":"VWrXyrqIxWzQzTwxHzXf00.1","action":"SyncServerConnectionManagerRequest", "result":"SYNC_SERVER_OK", "context":{"environment":"Prod_WestEurope_x00e", "migrationStage":"NotStarted", "server":"GENERAL0200002J"}}
{"logTime": "1117/102904", "correlationVector":"VWrXyrqIxWzQzTwxHzXf00.2","action":"Commit Response", "result":"Success", "context":Result: Success. cV=VWrXyrqIxWzQzTwxHzXf00.0;server=GENERAL0200002J;cloudType=Consumer;environment=Prod_WestEurope_x00e;migrationStage=NotStarted}
{"logTime": "1117/103329", "correlationVector":"j+6CdFhQ6pqBPszzEcADs0","action":"Commit Request", "result":"", "context":Item count: 1
Contributing types: Sessions}
{"logTime": "1117/103330", "correlationVector":"j+6CdFhQ6pqBPszzEcADs0.1","action":"SyncServerConnectionManagerRequest", "result":"SYNC_SERVER_OK", "context":{"environment":"Prod_WestEurope_000l", "migrationStage":"NotStarted", "server":"GENERAL0100000N"}}
{"logTime": "1117/103330", "correlationVector":"j+6CdFhQ6pqBPszzEcADs0.2","action":"Commit Response", "result":"Success", "context":Result: Success. cV=j+6CdFhQ6pqBPszzEcADs0.0;server=GENERAL0100000N;cloudType=Consumer;environment=Prod_WestEurope_000l;migrationStage=NotStarted}
{"logTime": "1117/103846", "correlationVector":"rDHW0GQNJ4diZ3Mtn2LmIR","action":"Commit Request", "result":"", "context":Item count: 1
Contributing types: Sessions}
{"logTime": "1117/103846", "correlationVector":"rDHW0GQNJ4diZ3Mtn2LmIR.1","action":"SyncServerConnectionManagerRequest", "result":"SYNC_SERVER_OK", "context":{"environment":"Prod_WestEurope_x00e", "migrationStage":"NotStarted", "server":"GENERAL01000004"}}
{"logTime": "1117/103846", "correlationVector":"rDHW0GQNJ4diZ3Mtn2LmIR.2","action":"Commit Response", "result":"Success", "context":Result: Success. cV=rDHW0GQNJ4diZ3Mtn2LmIR.0;server=GENERAL01000004;cloudType=Consumer;environment=Prod_WestEurope_x00e;migrationStage=NotStarted}
{"logTime": "1117/104321", "correlationVector":"AXCnmgAVXN8OvSlnM7ZoQ5","action":"Commit Request", "result":"", "context":Item count: 1
Contributing types: Sessions}
{"logTime": "1117/104323", "correlationVector":"AXCnmgAVXN8OvSlnM7ZoQ5.1","action":"SyncServerConnectionManagerRequest", "result":"SYNC_SERVER_OK", "context":{"environment":"Prod_WestEurope_x00e", "migrationStage":"NotStarted", "server":"GENERAL0200001P"}}
{"logTime": "1117/104323", "correlationVector":"AXCnmgAVXN8OvSlnM7ZoQ5.2","action":"Commit Response", "result":"Success", "context":Result: Success. cV=AXCnmgAVXN8OvSlnM7ZoQ5.0;server=GENERAL0200001P;cloudType=Consumer;environment=Prod_WestEurope_x00e;migrationStage=NotStarted}
{"logTime": "1117/105138", "correlationVector":"ByVE66BhB5Wy5cSRmEN9Ai","action":"Commit Request", "result":"", "context":Item count: 1
Contributing types: Sessions}
{"logTime": "1117/105138", "correlationVector":"ByVE66BhB5Wy5cSRmEN9Ai.1","action":"SyncServerConnectionManagerRequest", "result":"SYNC_SERVER_OK", "context":{"environment":"Prod_WestEurope_000l", "migrationStage":"NotStarted", "server":"GENERAL0100001J"}}
{"logTime": "1117/105138", "correlationVector":"ByVE66BhB5Wy5cSRmEN9Ai.2","action":"Commit Response", "result":"Success", "context":Result: Success. cV=ByVE66BhB5Wy5cSRmEN9Ai.0;server=GENERAL0100001J;cloudType=Consumer;environment=Prod_WestEurope_000l;migrationStage=NotStarted}
{"logTime": "1117/105915", "correlationVector":"U1pVmAyx4pUJD4xnNpDrXE","action":"Commit Request", "result":"", "context":Item count: 1
Contributing types: Sessions}
{"logTime": "1117/105915", "correlationVector":"U1pVmAyx4pUJD4xnNpDrXE.1","action":"SyncServerConnectionManagerRequest", "result":"SYNC_SERVER_OK", "context":{"environment":"Prod_WestEurope_x00e", "migrationStage":"NotStarted", "server":"GENERAL0200000H"}}
{"logTime": "1117/105915", "correlationVector":"U1pVmAyx4pUJD4xnNpDrXE.2","action":"Commit Response", "result":"Success", "context":Result: Success. cV=U1pVmAyx4pUJD4xnNpDrXE.0;server=GENERAL0200000H;cloudType=Consumer;environment=Prod_WestEurope_x00e;migrationStage=NotStarted}
{"logTime": "1117/105951", "correlationVector":"c8s7XiDW+3MqhhZe5HYjnP","action":"Commit Request", "result":"", "context":Item count: 1
Contributing types: Sessions}
{"logTime": "1117/105953", "correlationVector":"c8s7XiDW+3MqhhZe5HYjnP.1","action":"SyncServerConnectionManagerRequest", "result":"SYNC_SERVER_OK", "context":{"environment":"Prod_WestEurope_x00e", "migrationStage":"NotStarted", "server":"GENERAL0200002I"}}
{"logTime": "1117/105953", "correlationVector":"c8s7XiDW+3MqhhZe5HYjnP.2","action":"Commit Response", "result":"Success", "context":Result: Success. cV=c8s7XiDW+3MqhhZe5HYjnP.0;server=GENERAL0200002I;cloudType=Consumer;environment=Prod_WestEurope_x00e;migrationStage=NotStarted}
{"logTime": "1117/110036", "correlationVector":"Xh34lAxKeesIczJe1VggN6","action":"Commit Request", "result":"", "context":Item count: 1
Contributing types: Sessions}
{"logTime": "1117/110036", "correlationVector":"Xh34lAxKeesIczJe1VggN6.1","action":"SyncServerConnectionManagerRequest", "result":"SYNC_SERVER_OK", "context":{"environment":"Prod_WestEurope_000l", "migrationStage":"NotStarted", "server":"GENERAL0100001N"}}
{"logTime": "1117/110036", "correlationVector":"Xh34lAxKeesIczJe1VggN6.2","action":"Commit Response", "result":"Success", "context":Result: Success. cV=Xh34lAxKeesIczJe1VggN6.0;server=GENERAL0100001N;cloudType=Consumer;environment=Prod_WestEurope_000l;migrationStage=NotStarted}
{"logTime": "1117/110106", "correlationVector":"cq6jsMcuHBOqOxM9vjr0lv","action":"Commit Request", "result":"", "context":Item count: 1
Contributing types: Sessions}
{"logTime": "1117/110107", "correlationVector":"cq6jsMcuHBOqOxM9vjr0lv.1","action":"SyncServerConnectionManagerRequest", "result":"SYNC_SERVER_OK", "context":{"environment":"Prod_WestEurope_x00e", "migrationStage":"NotStarted", "server":"GENERAL02000030"}}
{"logTime": "1117/110107", "correlationVector":"cq6jsMcuHBOqOxM9vjr0lv.2","action":"Commit Response", "result":"Success", "context":Result: Success. cV=cq6jsMcuHBOqOxM9vjr0lv.0;server=GENERAL02000030;cloudType=Consumer;environment=Prod_WestEurope_x00e;migrationStage=NotStarted}
{"logTime": "1117/110204", "correlationVector":"C2wsewkYJRgPj3hwzfV/R6","action":"Commit Request", "result":"", "context":Item count: 1
Contributing types: Sessions}
{"logTime": "1117/110205", "correlationVector":"C2wsewkYJRgPj3hwzfV/R6.1","action":"SyncServerConnectionManagerRequest", "result":"SYNC_SERVER_OK", "context":{"environment":"Prod_WestEurope_000l", "migrationStage":"NotStarted", "server":"general0100001E"}}
{"logTime": "1117/110205", "correlationVector":"C2wsewkYJRgPj3hwzfV/R6.2","action":"Commit Response", "result":"Success", "context":Result: Success. cV=C2wsewkYJRgPj3hwzfV/R6.0;server=general0100001E;cloudType=Consumer;environment=Prod_WestEurope_000l;migrationStage=NotStarted}
{"logTime": "1117/110243", "correlationVector":"KUHUSqAyMcHXTTOLyqOF0i","action":"Commit Request", "result":"", "context":Item count: 1
Contributing types: Sessions}
{"logTime": "1117/110243", "correlationVector":"KUHUSqAyMcHXTTOLyqOF0i.1","action":"SyncServerConnectionManagerRequest", "result":"SYNC_SERVER_OK", "context":{"environment":"Prod_WestEurope_000l", "migrationStage":"NotStarted", "server":"GENERAL01000016"}}
{"logTime": "1117/110243", "correlationVector":"KUHUSqAyMcHXTTOLyqOF0i.2","action":"Commit Response", "result":"Success", "context":Result: Success. cV=KUHUSqAyMcHXTTOLyqOF0i.0;server=GENERAL01000016;cloudType=Consumer;environment=Prod_WestEurope_000l;migrationStage=NotStarted}
{"logTime": "1117/110314", "correlationVector":"cQsYEP0rsGUGTaocGtjzBf","action":"Commit Request", "result":"", "context":Item count: 1
Contributing types: Sessions}
{"logTime": "1117/110314", "correlationVector":"cQsYEP0rsGUGTaocGtjzBf.1","action":"SyncServerConnectionManagerRequest", "result":"SYNC_SERVER_OK", "context":{"environment":"Prod_WestEurope_x00e", "migrationStage":"NotStarted", "server":"GENERAL0200002W"}}
{"logTime": "1117/110314", "correlationVector":"cQsYEP0rsGUGTaocGtjzBf.2","action":"Commit Response", "result":"Success", "context":Result: Success. cV=cQsYEP0rsGUGTaocGtjzBf.0;server=GENERAL0200002W;cloudType=Consumer;environment=Prod_WestEurope_x00e;migrationStage=NotStarted}
{"logTime": "1117/110358", "correlationVector":"d3Xo9HO4oBeK3ZYicV/Z/g","action":"Commit Request", "result":"", "context":Item count: 1
Contributing types: Sessions}
{"logTime": "1117/110358", "correlationVector":"d3Xo9HO4oBeK3ZYicV/Z/g.1","action":"SyncServerConnectionManagerRequest", "result":"SYNC_SERVER_OK", "context":{"environment":"Prod_WestEurope_000l", "migrationStage":"NotStarted", "server":"GENERAL0100000D"}}
{"logTime": "1117/110358", "correlationVector":"d3Xo9HO4oBeK3ZYicV/Z/g.2","action":"Commit Response", "result":"Success", "context":Result: Success. cV=d3Xo9HO4oBeK3ZYicV/Z/g.0;server=GENERAL0100000D;cloudType=Consumer;environment=Prod_WestEurope_000l;migrationStage=NotStarted}
{"logTime": "1117/110428", "correlationVector":"z5LIcMMvIPSAxcPLAhgjsC","action":"Commit Request", "result":"", "context":Item count: 1
Contributing types: Sessions}
{"logTime": "1117/110429", "correlationVector":"z5LIcMMvIPSAxcPLAhgjsC.1","action":"SyncServerConnectionManagerRequest", "result":"SYNC_SERVER_OK", "context":{"environment":"Prod_WestEurope_x00e", "migrationStage":"NotStarted", "server":"GENERAL02000029"}}
{"logTime": "1117/110429", "correlationVector":"z5LIcMMvIPSAxcPLAhgjsC.2","action":"Commit Response", "result":"Success", "context":Result: Success. cV=z5LIcMMvIPSAxcPLAhgjsC.0;server=GENERAL02000029;cloudType=Consumer;environment=Prod_WestEurope_x00e;migrationStage=NotStarted}
{"logTime": "1117/110909", "correlationVector":"Je4lXy/MzlU75kett5Rtq7","action":"Commit Request", "result":"", "context":Item count: 1
Contributing types: Sessions}
{"logTime": "1117/110910", "correlationVector":"Je4lXy/MzlU75kett5Rtq7.1","action":"SyncServerConnectionManagerRequest", "result":"SYNC_SERVER_OK", "context":{"environment":"Prod_WestEurope_000l", "migrationStage":"NotStarted", "server":"GENERAL0100000P"}}
{"logTime": "1117/110910", "correlationVector":"Je4lXy/MzlU75kett5Rtq7.2","action":"Commit Response", "result":"Success", "context":Result: Success. cV=Je4lXy/MzlU75kett5Rtq7.0;server=GENERAL0100000P;cloudType=Consumer;environment=Prod_WestEurope_000l;migrationStage=NotStarted}
{"logTime": "1117/110955", "correlationVector":"9HZbw9aQtbC4g/8+kBWbYr","action":"Commit Request", "result":"", "context":Item count: 1
Contributing types: Sessions}
{"logTime": "1117/110956", "correlationVector":"9HZbw9aQtbC4g/8+kBWbYr.1","action":"SyncServerConnectionManagerRequest", "result":"SYNC_SERVER_OK", "context":{"environment":"Prod_WestEurope_000l", "migrationStage":"NotStarted", "server":"GENERAL0100000J"}}
{"logTime": "1117/110956", "correlationVector":"9HZbw9aQtbC4g/8+kBWbYr.2","action":"Commit Response", "result":"Success", "context":Result: Success. cV=9HZbw9aQtbC4g/8+kBWbYr.0;server=GENERAL0100000J;cloudType=Consumer;environment=Prod_WestEurope_000l;migrationStage=NotStarted}
{"logTime": "1117/111047", "correlationVector":"A9jkfJb6XZJ8+dbnbopXXW","action":"Commit Request", "result":"", "context":Item count: 1
Contributing types: Sessions}
{"logTime": "1117/111047", "correlationVector":"A9jkfJb6XZJ8+dbnbopXXW.1","action":"SyncServerConnectionManagerRequest", "result":"SYNC_SERVER_OK", "context":{"environment":"Prod_WestEurope_000l", "migrationStage":"NotStarted", "server":"GENERAL0100001K"}}
{"logTime": "1117/111047", "correlationVector":"A9jkfJb6XZJ8+dbnbopXXW.2","action":"Commit Response", "result":"Success", "context":Result: Success. cV=A9jkfJb6XZJ8+dbnbopXXW.0;server=GENERAL0100001K;cloudType=Consumer;environment=Prod_WestEurope_000l;migrationStage=NotStarted}
{"logTime": "1117/111731", "correlationVector":"bHoBmzByHIuRwp6iNlaTNA","action":"Normal GetUpdate request", "result":"", "context":cV=bHoBmzByHIuRwp6iNlaTNA
Nudged types: Sessions
Notified types: Device Info}
{"logTime": "1117/111732", "correlationVector":"bHoBmzByHIuRwp6iNlaTNA.1","action":"SyncServerConnectionManagerRequest", "result":"SYNC_SERVER_OK", "context":{"environment":"Prod_WestEurope_x00e", "migrationStage":"NotStarted", "server":"GENERAL0200000L"}}
{"logTime": "1117/111732", "correlationVector":"bHoBmzByHIuRwp6iNlaTNA.2","action":"GetUpdates Response", "result":"Success", "context":Received 4 update(s). cV=bHoBmzByHIuRwp6iNlaTNA.0;server=GENERAL0200000L;cloudType=Consumer;environment=Prod_WestEurope_x00e;migrationStage=NotStarted}
{"logTime": "1117/111732", "correlationVector":"3qjmzD1o4t9SYkBXxDWCS/","action":"Commit Request", "result":"", "context":Item count: 1
Contributing types: Sessions}
{"logTime": "1117/111732", "correlationVector":"3qjmzD1o4t9SYkBXxDWCS/.1","action":"SyncServerConnectionManagerRequest", "result":"SYNC_SERVER_OK", "context":{"environment":"Prod_WestEurope_000l", "migrationStage":"NotStarted", "server":"GENERAL01000002"}}
{"logTime": "1117/111732", "correlationVector":"3qjmzD1o4t9SYkBXxDWCS/.2","action":"Commit Response", "result":"Success", "context":Result: Success. cV=3qjmzD1o4t9SYkBXxDWCS/.0;server=GENERAL01000002;cloudType=Consumer;environment=Prod_WestEurope_000l;migrationStage=NotStarted}
{"logTime": "1117/111733", "correlationVector":"gFCHSUrtrA/iCEH9YxuXFb","action":"Normal GetUpdate request", "result":"", "context":cV=gFCHSUrtrA/iCEH9YxuXFb
Nudged types: Sessions
Notified types: Autofill}
{"logTime": "1117/111733", "correlationVector":"gFCHSUrtrA/iCEH9YxuXFb.1","action":"SyncServerConnectionManagerRequest", "result":"SYNC_SERVER_OK", "context":{"environment":"Prod_WestEurope_000l", "migrationStage":"NotStarted", "server":"GENERAL01000010"}}
{"logTime": "1117/111733", "correlationVector":"gFCHSUrtrA/iCEH9YxuXFb.2","action":"GetUpdates Response", "result":"Success", "context":Received 2 update(s). cV=gFCHSUrtrA/iCEH9YxuXFb.0;server=GENERAL01000010;cloudType=Consumer;environment=Prod_WestEurope_000l;migrationStage=NotStarted}
{"logTime": "1117/111902", "correlationVector":"5RAf0UAId1v59iojIYUFSx","action":"Normal GetUpdate request", "result":"", "context":cV=5RAf0UAId1v59iojIYUFSx
Notified types: Preferences}
{"logTime": "1117/111902", "correlationVector":"5RAf0UAId1v59iojIYUFSx.1","action":"SyncServerConnectionManagerRequest", "result":"SYNC_SERVER_OK", "context":{"environment":"Prod_WestEurope_x00e", "migrationStage":"NotStarted", "server":"GENERAL02000025"}}
{"logTime": "1117/111902", "correlationVector":"5RAf0UAId1v59iojIYUFSx.2","action":"GetUpdates Response", "result":"Success", "context":Received 2 update(s). cV=5RAf0UAId1v59iojIYUFSx.0;server=GENERAL02000025;cloudType=Consumer;environment=Prod_WestEurope_x00e;migrationStage=NotStarted}
{"logTime": "1117/112355", "correlationVector":"CgV6XQrwChNvc/hDQ33pF4.1","action":"SyncServerConnectionManagerRequest", "result":"SYNC_SERVER_OK", "context":{"environment":"Prod_WestEurope_x00e", "migrationStage":"NotStarted", "server":"GENERAL0200003B"}}
{"logTime": "1117/112356", "correlationVector":"FgYG+Sjg/YzL6/xoL7MBFG","action":"SyncServerConnectionManagerRequest", "result":"SYNC_SERVER_OK", "context":{"environment":"", "migrationStage":"", "server":""}}
{"logTime": "1117/112356", "correlationVector":"CgV6XQrwChNvc/hDQ33pF4","action":"Initial GetUpdates", "result":"", "context":Reason: NEW_CLIENT. cV=CgV6XQrwChNvc/hDQ33pF4}
{"logTime": "1117/112356", "correlationVector":"CgV6XQrwChNvc/hDQ33pF4.2","action":"GetUpdates Response", "result":"Success", "context":Received 1 update(s). cV=CgV6XQrwChNvc/hDQ33pF4.0;server=GENERAL0200003B;cloudType=Consumer;environment=Prod_WestEurope_x00e;migrationStage=NotStarted}
{"logTime": "1117/112356", "correlationVector":"umJDelzlQpXuxZjuUBjU0b","action":"Initial GetUpdates", "result":"", "context":Reason: NEWLY_SUPPORTED_DATATYPE. cV=umJDelzlQpXuxZjuUBjU0b}
{"logTime": "1117/112357", "correlationVector":"umJDelzlQpXuxZjuUBjU0b.1","action":"SyncServerConnectionManagerRequest", "result":"SYNC_SERVER_OK", "context":{"environment":"Prod_WestEurope_000l", "migrationStage":"NotStarted", "server":"GENERAL0100001K"}}
{"logTime": "1117/112357", "correlationVector":"umJDelzlQpXuxZjuUBjU0b.2","action":"GetUpdates Response", "result":"Success", "context":Received 91 update(s). cV=umJDelzlQpXuxZjuUBjU0b.0;server=GENERAL0100001K;cloudType=Consumer;environment=Prod_WestEurope_000l;migrationStage=NotStarted}
{"logTime": "1117/112359", "correlationVector":"XqIpc3RkjrVQUBX2RwuHoG","action":"Normal GetUpdate request", "result":"", "context":cV=XqIpc3RkjrVQUBX2RwuHoG
Nudged types: Sessions
Refresh requested types: Bookmarks, Preferences, Passwords, Autofill Profiles, Autofill, Typed URLs, Extensions, Sessions, Extension settings, History Delete Directives, Device Info, User Consents, Send Tab To Self, Web Apps, Collection, Edge E Drop, Edge Hub App Usage, Edge Tab Group, Edge Wallet, Encryption Keys}
{"logTime": "1117/112359", "correlationVector":"XqIpc3RkjrVQUBX2RwuHoG.1","action":"SyncServerConnectionManagerRequest", "result":"SYNC_SERVER_OK", "context":{"environment":"Prod_WestEurope_000l", "migrationStage":"NotStarted", "server":"GENERAL01000002"}}
{"logTime": "1117/112359", "correlationVector":"XqIpc3RkjrVQUBX2RwuHoG.2","action":"GetUpdates Response", "result":"Success", "context":Received 0 update(s). cV=XqIpc3RkjrVQUBX2RwuHoG.0;server=GENERAL01000002;cloudType=Consumer;environment=Prod_WestEurope_000l;migrationStage=NotStarted}
{"logTime": "1117/112359", "correlationVector":"CbkzW2+8ubZB0AvcPU0iRs","action":"Commit Request", "result":"", "context":Item count: 3
Contributing types: Sessions}
{"logTime": "1117/112400", "correlationVector":"CbkzW2+8ubZB0AvcPU0iRs.1","action":"SyncServerConnectionManagerRequest", "result":"SYNC_SERVER_OK", "context":{"environment":"Prod_WestEurope_000l", "migrationStage":"NotStarted", "server":"GENERAL0100000Z"}}
{"logTime": "1117/112400", "correlationVector":"CbkzW2+8ubZB0AvcPU0iRs.3","action":"Commit.Sessions", "result":"Success", "context":{"id":"f5b086c9-6e40-40a5-aa56-26e290140a43", "isDeleted":"true", "size":"0", "version":"1731842253429"}}
{"logTime": "1117/112400", "correlationVector":"CbkzW2+8ubZB0AvcPU0iRs.2","action":"Commit Response", "result":"Success", "context":Result: Success. cV=CbkzW2+8ubZB0AvcPU0iRs.0;server=GENERAL0100000Z;cloudType=Consumer;environment=Prod_WestEurope_000l;migrationStage=NotStarted}
{"logTime": "1117/112430", "correlationVector":"toQAbxD4Q6GUbl91P+9qUI","action":"Normal GetUpdate request", "result":"", "context":cV=toQAbxD4Q6GUbl91P+9qUI
Nudged types: Sessions}
{"logTime": "1117/112430", "correlationVector":"toQAbxD4Q6GUbl91P+9qUI.1","action":"SyncServerConnectionManagerRequest", "result":"SYNC_SERVER_OK", "context":{"environment":"Prod_WestEurope_000l", "migrationStage":"NotStarted", "server":"GENERAL01000003"}}
{"logTime": "1117/112430", "correlationVector":"toQAbxD4Q6GUbl91P+9qUI.2","action":"GetUpdates", "result":"DeleteReceived", "context":{"id":"f5b086c9-6e40-40a5-aa56-26e290140a43", "isDeleted:":"true", "version":"1731842640774"}}
{"logTime": "1117/112430", "correlationVector":"toQAbxD4Q6GUbl91P+9qUI.3","action":"GetUpdates Response", "result":"Success", "context":Received 3 update(s). cV=toQAbxD4Q6GUbl91P+9qUI.0;server=GENERAL01000003;cloudType=Consumer;environment=Prod_WestEurope_000l;migrationStage=NotStarted}
{"logTime": "1117/112430", "correlationVector":"KYrX9VYsNDa3B1gyjhHa9c","action":"Commit Request", "result":"", "context":Item count: 1
Contributing types: Sessions}
{"logTime": "1117/112430", "correlationVector":"KYrX9VYsNDa3B1gyjhHa9c.1","action":"SyncServerConnectionManagerRequest", "result":"SYNC_SERVER_OK", "context":{"environment":"Prod_WestEurope_000l", "migrationStage":"NotStarted", "server":"GENERAL0100000N"}}
{"logTime": "1117/112430", "correlationVector":"KYrX9VYsNDa3B1gyjhHa9c.2","action":"Commit Response", "result":"Success", "context":Result: Success. cV=KYrX9VYsNDa3B1gyjhHa9c.0;server=GENERAL0100000N;cloudType=Consumer;environment=Prod_WestEurope_000l;migrationStage=NotStarted}
{"logTime": "1117/112641", "correlationVector":"HUhT7XPp/5+gyhxPSP7z/J","action":"Commit Request", "result":"", "context":Item count: 1
Contributing types: Sessions}
{"logTime": "1117/112642", "correlationVector":"HUhT7XPp/5+gyhxPSP7z/J.1","action":"SyncServerConnectionManagerRequest", "result":"SYNC_SERVER_OK", "context":{"environment":"Prod_WestEurope_000l", "migrationStage":"NotStarted", "server":"GENERAL0100001M"}}
{"logTime": "1117/112642", "correlationVector":"HUhT7XPp/5+gyhxPSP7z/J.2","action":"Commit Response", "result":"Success", "context":Result: Success. cV=HUhT7XPp/5+gyhxPSP7z/J.0;server=GENERAL0100001M;cloudType=Consumer;environment=Prod_WestEurope_000l;migrationStage=NotStarted}
